2025-08-12 10:26:03,361 - root - ERROR - Failed to fetch candlestick data for USDJPY.
2025-08-12 10:26:03,361 - root - ERROR - Failed to fetch candlestick data for USDJPY.
2025-08-12 10:26:03,891 - root - ERROR - Failed to fetch candlestick data for EURUSD.
2025-08-12 10:26:03,891 - root - ERROR - Failed to fetch candlestick data for EURUSD.
2025-08-12 10:26:04,397 - root - ERROR - Failed to fetch candlestick data for GBPUSD.
2025-08-12 10:26:04,397 - root - ERROR - Failed to fetch candlestick data for GBPUSD.
2025-08-12 10:26:04,902 - root - ERROR - Failed to fetch candlestick data for AUDUSD.
2025-08-12 10:26:04,902 - root - ERROR - Failed to fetch candlestick data for AUDUSD.
2025-08-12 10:26:05,407 - root - ERROR - Failed to fetch candlestick data for NZDUSD.
2025-08-12 10:26:05,407 - root - ERROR - Failed to fetch candlestick data for NZDUSD.
2025-08-12 10:26:47,627 - root - ERROR - Failed to fetch candlestick data for NZDUSD.
2025-08-12 10:26:47,627 - root - ERROR - Failed to fetch candlestick data for NZDUSD.
2025-08-12 10:27:31,717 - root - ERROR - Failed to fetch candlestick data for NZDUSD.
2025-08-12 10:27:31,717 - root - ERROR - Failed to fetch candlestick data for NZDUSD.
2025-08-12 10:29:55,997 - root - ERROR - Failed to fetch candlestick data for NZDUSD.
2025-08-12 10:29:55,997 - root - ERROR - Failed to fetch candlestick data for NZDUSD.
2025-08-12 10:32:55,377 - root - ERROR - Failed to fetch candlestick data for NZDUSD.
2025-08-12 10:32:55,377 - root - ERROR - Failed to fetch candlestick data for NZDUSD.
2025-08-12 10:48:22,345 - root - ERROR - Failed to fetch candlestick data for USDJPY.
2025-08-12 10:48:22,345 - root - ERROR - Failed to fetch candlestick data for USDJPY.
2025-08-12 11:26:06,803 - root - ERROR - Failed to fetch candlestick data for NZDUSD.
2025-08-12 11:26:06,803 - root - ERROR - Failed to fetch candlestick data for NZDUSD.
2025-08-12 11:27:15,673 - root - ERROR - Failed to fetch candlestick data for NZDUSD.
2025-08-12 11:27:15,673 - root - ERROR - Failed to fetch candlestick data for NZDUSD.
2025-08-12 11:29:38,322 - root - ERROR - Failed to fetch candlestick data for NZDUSD.
2025-08-12 11:29:38,322 - root - ERROR - Failed to fetch candlestick data for NZDUSD.
2025-08-12 11:31:01,055 - root - ERROR - Failed to fetch candlestick data for NZDUSD.
2025-08-12 11:31:01,055 - root - ERROR - Failed to fetch candlestick data for NZDUSD.
