2026-03-28 20:28:07,886 - root - INFO - Candle already exists for STOXX50 period 5 time 1774655400000. Skip save.
2026-03-28 20:28:07,886 - root - INFO - Candle already exists for STOXX50 period 5 time 1774655400000. Skip save.
2026-03-28 20:28:08,563 - root - INFO - Candle already exists for UK100 period 5 time 1774655400000. Skip save.
2026-03-28 20:28:08,563 - root - INFO - Candle already exists for UK100 period 5 time 1774655400000. Skip save.
2026-03-28 20:28:09,120 - root - INFO - Candle already exists for USTEC period 5 time 1774655400000. Skip save.
2026-03-28 20:28:09,120 - root - INFO - Candle already exists for USTEC period 5 time 1774655400000. Skip save.
2026-03-28 20:28:09,832 - root - INFO - Candle already exists for US30 period 5 time 1774655400000. Skip save.
2026-03-28 20:28:09,832 - root - INFO - Candle already exists for US30 period 5 time 1774655400000. Skip save.
2026-03-28 20:30:40,348 - root - INFO - Candle already exists for STOXX50 period 5 time 1774655400000. Skip save.
2026-03-28 20:30:40,348 - root - INFO - Candle already exists for STOXX50 period 5 time 1774655400000. Skip save.
2026-03-28 20:30:40,845 - root - INFO - Candle already exists for UK100 period 5 time 1774655400000. Skip save.
2026-03-28 20:30:40,845 - root - INFO - Candle already exists for UK100 period 5 time 1774655400000. Skip save.
2026-03-28 20:30:41,366 - root - INFO - Candle already exists for USTEC period 5 time 1774655400000. Skip save.
2026-03-28 20:30:41,366 - root - INFO - Candle already exists for USTEC period 5 time 1774655400000. Skip save.
2026-03-28 20:30:41,896 - root - INFO - Candle already exists for US30 period 5 time 1774655400000. Skip save.
2026-03-28 20:30:41,896 - root - INFO - Candle already exists for US30 period 5 time 1774655400000. Skip save.
2026-03-28 20:33:12,392 - root - INFO - Candle already exists for STOXX50 period 5 time 1774655400000. Skip save.
2026-03-28 20:33:12,392 - root - INFO - Candle already exists for STOXX50 period 5 time 1774655400000. Skip save.
2026-03-28 20:33:12,902 - root - INFO - Candle already exists for UK100 period 5 time 1774655400000. Skip save.
2026-03-28 20:33:12,902 - root - INFO - Candle already exists for UK100 period 5 time 1774655400000. Skip save.
2026-03-28 20:33:13,424 - root - INFO - Candle already exists for USTEC period 5 time 1774655400000. Skip save.
2026-03-28 20:33:13,424 - root - INFO - Candle already exists for USTEC period 5 time 1774655400000. Skip save.
2026-03-28 20:33:13,940 - root - INFO - Candle already exists for US30 period 5 time 1774655400000. Skip save.
2026-03-28 20:33:13,940 - root - INFO - Candle already exists for US30 period 5 time 1774655400000. Skip save.
2026-03-28 20:35:44,462 - root - INFO - Candle already exists for STOXX50 period 5 time 1774655400000. Skip save.
2026-03-28 20:35:44,462 - root - INFO - Candle already exists for STOXX50 period 5 time 1774655400000. Skip save.
2026-03-28 20:35:44,976 - root - INFO - Candle already exists for UK100 period 5 time 1774655400000. Skip save.
2026-03-28 20:35:44,976 - root - INFO - Candle already exists for UK100 period 5 time 1774655400000. Skip save.
2026-03-28 20:35:45,508 - root - INFO - Candle already exists for USTEC period 5 time 1774655400000. Skip save.
2026-03-28 20:35:45,508 - root - INFO - Candle already exists for USTEC period 5 time 1774655400000. Skip save.
2026-03-28 20:35:46,023 - root - INFO - Candle already exists for US30 period 5 time 1774655400000. Skip save.
2026-03-28 20:35:46,023 - root - INFO - Candle already exists for US30 period 5 time 1774655400000. Skip save.
2026-03-28 20:38:16,536 - root - INFO - Candle already exists for STOXX50 period 5 time 1774655400000. Skip save.
2026-03-28 20:38:16,536 - root - INFO - Candle already exists for STOXX50 period 5 time 1774655400000. Skip save.
2026-03-28 20:38:17,057 - root - INFO - Candle already exists for UK100 period 5 time 1774655400000. Skip save.
2026-03-28 20:38:17,057 - root - INFO - Candle already exists for UK100 period 5 time 1774655400000. Skip save.
2026-03-28 20:38:17,560 - root - INFO - Candle already exists for USTEC period 5 time 1774655400000. Skip save.
2026-03-28 20:38:17,560 - root - INFO - Candle already exists for USTEC period 5 time 1774655400000. Skip save.
2026-03-28 20:38:18,088 - root - INFO - Candle already exists for US30 period 5 time 1774655400000. Skip save.
2026-03-28 20:38:18,088 - root - INFO - Candle already exists for US30 period 5 time 1774655400000. Skip save.
2026-03-28 20:40:48,598 - root - INFO - Candle already exists for STOXX50 period 5 time 1774655400000. Skip save.
2026-03-28 20:40:48,598 - root - INFO - Candle already exists for STOXX50 period 5 time 1774655400000. Skip save.
2026-03-28 20:40:49,109 - root - INFO - Candle already exists for UK100 period 5 time 1774655400000. Skip save.
2026-03-28 20:40:49,109 - root - INFO - Candle already exists for UK100 period 5 time 1774655400000. Skip save.
2026-03-28 20:40:49,643 - root - INFO - Candle already exists for USTEC period 5 time 1774655400000. Skip save.
2026-03-28 20:40:49,643 - root - INFO - Candle already exists for USTEC period 5 time 1774655400000. Skip save.
2026-03-28 20:40:50,168 - root - INFO - Candle already exists for US30 period 5 time 1774655400000. Skip save.
2026-03-28 20:40:50,168 - root - INFO - Candle already exists for US30 period 5 time 1774655400000. Skip save.
2026-03-28 20:43:20,712 - root - INFO - Candle already exists for STOXX50 period 5 time 1774655400000. Skip save.
2026-03-28 20:43:20,712 - root - INFO - Candle already exists for STOXX50 period 5 time 1774655400000. Skip save.
2026-03-28 20:43:21,225 - root - INFO - Candle already exists for UK100 period 5 time 1774655400000. Skip save.
2026-03-28 20:43:21,225 - root - INFO - Candle already exists for UK100 period 5 time 1774655400000. Skip save.
2026-03-28 20:43:21,739 - root - INFO - Candle already exists for USTEC period 5 time 1774655400000. Skip save.
2026-03-28 20:43:21,739 - root - INFO - Candle already exists for USTEC period 5 time 1774655400000. Skip save.
2026-03-28 20:43:22,285 - root - INFO - Candle already exists for US30 period 5 time 1774655400000. Skip save.
2026-03-28 20:43:22,285 - root - INFO - Candle already exists for US30 period 5 time 1774655400000. Skip save.
2026-03-28 20:45:52,781 - root - INFO - Candle already exists for STOXX50 period 5 time 1774655400000. Skip save.
2026-03-28 20:45:52,781 - root - INFO - Candle already exists for STOXX50 period 5 time 1774655400000. Skip save.
2026-03-28 20:45:53,289 - root - INFO - Candle already exists for UK100 period 5 time 1774655400000. Skip save.
2026-03-28 20:45:53,289 - root - INFO - Candle already exists for UK100 period 5 time 1774655400000. Skip save.
2026-03-28 20:45:53,815 - root - INFO - Candle already exists for USTEC period 5 time 1774655400000. Skip save.
2026-03-28 20:45:53,815 - root - INFO - Candle already exists for USTEC period 5 time 1774655400000. Skip save.
2026-03-28 20:45:54,346 - root - INFO - Candle already exists for US30 period 5 time 1774655400000. Skip save.
2026-03-28 20:45:54,346 - root - INFO - Candle already exists for US30 period 5 time 1774655400000. Skip save.
2026-03-28 20:48:24,858 - root - INFO - Candle already exists for STOXX50 period 5 time 1774655400000. Skip save.
2026-03-28 20:48:24,858 - root - INFO - Candle already exists for STOXX50 period 5 time 1774655400000. Skip save.
2026-03-28 20:48:25,357 - root - INFO - Candle already exists for UK100 period 5 time 1774655400000. Skip save.
2026-03-28 20:48:25,357 - root - INFO - Candle already exists for UK100 period 5 time 1774655400000. Skip save.
2026-03-28 20:48:25,855 - root - INFO - Candle already exists for USTEC period 5 time 1774655400000. Skip save.
2026-03-28 20:48:25,855 - root - INFO - Candle already exists for USTEC period 5 time 1774655400000. Skip save.
2026-03-28 20:48:26,646 - root - INFO - Candle already exists for US30 period 5 time 1774655400000. Skip save.
2026-03-28 20:48:26,646 - root - INFO - Candle already exists for US30 period 5 time 1774655400000. Skip save.
2026-03-28 20:50:57,129 - root - INFO - Candle already exists for STOXX50 period 5 time 1774655400000. Skip save.
2026-03-28 20:50:57,129 - root - INFO - Candle already exists for STOXX50 period 5 time 1774655400000. Skip save.
2026-03-28 20:50:57,626 - root - INFO - Candle already exists for UK100 period 5 time 1774655400000. Skip save.
2026-03-28 20:50:57,626 - root - INFO - Candle already exists for UK100 period 5 time 1774655400000. Skip save.
2026-03-28 20:50:58,164 - root - INFO - Candle already exists for USTEC period 5 time 1774655400000. Skip save.
2026-03-28 20:50:58,164 - root - INFO - Candle already exists for USTEC period 5 time 1774655400000. Skip save.
2026-03-28 20:50:58,679 - root - INFO - Candle already exists for US30 period 5 time 1774655400000. Skip save.
2026-03-28 20:50:58,679 - root - INFO - Candle already exists for US30 period 5 time 1774655400000. Skip save.
2026-03-28 20:53:29,203 - root - INFO - Candle already exists for STOXX50 period 5 time 1774655400000. Skip save.
2026-03-28 20:53:29,203 - root - INFO - Candle already exists for STOXX50 period 5 time 1774655400000. Skip save.
2026-03-28 20:53:29,738 - root - INFO - Candle already exists for UK100 period 5 time 1774655400000. Skip save.
2026-03-28 20:53:29,738 - root - INFO - Candle already exists for UK100 period 5 time 1774655400000. Skip save.
2026-03-28 20:53:30,255 - root - INFO - Candle already exists for USTEC period 5 time 1774655400000. Skip save.
2026-03-28 20:53:30,255 - root - INFO - Candle already exists for USTEC period 5 time 1774655400000. Skip save.
2026-03-28 20:53:30,789 - root - INFO - Candle already exists for US30 period 5 time 1774655400000. Skip save.
2026-03-28 20:53:30,789 - root - INFO - Candle already exists for US30 period 5 time 1774655400000. Skip save.
2026-03-28 20:56:01,307 - root - INFO - Candle already exists for STOXX50 period 5 time 1774655400000. Skip save.
2026-03-28 20:56:01,307 - root - INFO - Candle already exists for STOXX50 period 5 time 1774655400000. Skip save.
2026-03-28 20:56:01,823 - root - INFO - Candle already exists for UK100 period 5 time 1774655400000. Skip save.
2026-03-28 20:56:01,823 - root - INFO - Candle already exists for UK100 period 5 time 1774655400000. Skip save.
2026-03-28 20:56:02,339 - root - INFO - Candle already exists for USTEC period 5 time 1774655400000. Skip save.
2026-03-28 20:56:02,339 - root - INFO - Candle already exists for USTEC period 5 time 1774655400000. Skip save.
2026-03-28 20:56:02,880 - root - INFO - Candle already exists for US30 period 5 time 1774655400000. Skip save.
2026-03-28 20:56:02,880 - root - INFO - Candle already exists for US30 period 5 time 1774655400000. Skip save.
2026-03-28 20:58:33,406 - root - INFO - Candle already exists for STOXX50 period 5 time 1774655400000. Skip save.
2026-03-28 20:58:33,406 - root - INFO - Candle already exists for STOXX50 period 5 time 1774655400000. Skip save.
2026-03-28 20:58:33,943 - root - INFO - Candle already exists for UK100 period 5 time 1774655400000. Skip save.
2026-03-28 20:58:33,943 - root - INFO - Candle already exists for UK100 period 5 time 1774655400000. Skip save.
2026-03-28 20:58:34,435 - root - INFO - Candle already exists for USTEC period 5 time 1774655400000. Skip save.
2026-03-28 20:58:34,435 - root - INFO - Candle already exists for USTEC period 5 time 1774655400000. Skip save.
2026-03-28 20:58:34,968 - root - INFO - Candle already exists for US30 period 5 time 1774655400000. Skip save.
2026-03-28 20:58:34,968 - root - INFO - Candle already exists for US30 period 5 time 1774655400000. Skip save.
2026-03-28 21:01:05,480 - root - INFO - Candle already exists for STOXX50 period 5 time 1774655400000. Skip save.
2026-03-28 21:01:05,480 - root - INFO - Candle already exists for STOXX50 period 5 time 1774655400000. Skip save.
2026-03-28 21:01:06,003 - root - INFO - Candle already exists for UK100 period 5 time 1774655400000. Skip save.
2026-03-28 21:01:06,003 - root - INFO - Candle already exists for UK100 period 5 time 1774655400000. Skip save.
2026-03-28 21:01:06,515 - root - INFO - Candle already exists for USTEC period 5 time 1774655400000. Skip save.
2026-03-28 21:01:06,515 - root - INFO - Candle already exists for USTEC period 5 time 1774655400000. Skip save.
2026-03-28 21:01:07,052 - root - INFO - Candle already exists for US30 period 5 time 1774655400000. Skip save.
2026-03-28 21:01:07,052 - root - INFO - Candle already exists for US30 period 5 time 1774655400000. Skip save.
2026-03-28 21:03:37,541 - root - INFO - Candle already exists for STOXX50 period 5 time 1774655400000. Skip save.
2026-03-28 21:03:37,541 - root - INFO - Candle already exists for STOXX50 period 5 time 1774655400000. Skip save.
2026-03-28 21:03:38,040 - root - INFO - Candle already exists for UK100 period 5 time 1774655400000. Skip save.
2026-03-28 21:03:38,040 - root - INFO - Candle already exists for UK100 period 5 time 1774655400000. Skip save.
2026-03-28 21:03:38,765 - root - INFO - Candle already exists for USTEC period 5 time 1774655400000. Skip save.
2026-03-28 21:03:38,765 - root - INFO - Candle already exists for USTEC period 5 time 1774655400000. Skip save.
2026-03-28 21:03:39,299 - root - INFO - Candle already exists for US30 period 5 time 1774655400000. Skip save.
2026-03-28 21:03:39,299 - root - INFO - Candle already exists for US30 period 5 time 1774655400000. Skip save.
2026-03-28 21:06:09,813 - root - INFO - Candle already exists for STOXX50 period 5 time 1774655400000. Skip save.
2026-03-28 21:06:09,813 - root - INFO - Candle already exists for STOXX50 period 5 time 1774655400000. Skip save.
2026-03-28 21:06:10,330 - root - INFO - Candle already exists for UK100 period 5 time 1774655400000. Skip save.
2026-03-28 21:06:10,330 - root - INFO - Candle already exists for UK100 period 5 time 1774655400000. Skip save.
2026-03-28 21:06:10,828 - root - INFO - Candle already exists for USTEC period 5 time 1774655400000. Skip save.
2026-03-28 21:06:10,828 - root - INFO - Candle already exists for USTEC period 5 time 1774655400000. Skip save.
2026-03-28 21:06:11,369 - root - INFO - Candle already exists for US30 period 5 time 1774655400000. Skip save.
2026-03-28 21:06:11,369 - root - INFO - Candle already exists for US30 period 5 time 1774655400000. Skip save.
2026-03-28 21:08:41,877 - root - INFO - Candle already exists for STOXX50 period 5 time 1774655400000. Skip save.
2026-03-28 21:08:41,877 - root - INFO - Candle already exists for STOXX50 period 5 time 1774655400000. Skip save.
2026-03-28 21:08:42,390 - root - INFO - Candle already exists for UK100 period 5 time 1774655400000. Skip save.
2026-03-28 21:08:42,390 - root - INFO - Candle already exists for UK100 period 5 time 1774655400000. Skip save.
2026-03-28 21:08:42,927 - root - INFO - Candle already exists for USTEC period 5 time 1774655400000. Skip save.
2026-03-28 21:08:42,927 - root - INFO - Candle already exists for USTEC period 5 time 1774655400000. Skip save.
2026-03-28 21:08:43,442 - root - INFO - Candle already exists for US30 period 5 time 1774655400000. Skip save.
2026-03-28 21:08:43,442 - root - INFO - Candle already exists for US30 period 5 time 1774655400000. Skip save.
2026-03-28 21:11:13,974 - root - INFO - Candle already exists for STOXX50 period 5 time 1774655400000. Skip save.
2026-03-28 21:11:13,974 - root - INFO - Candle already exists for STOXX50 period 5 time 1774655400000. Skip save.
2026-03-28 21:11:14,472 - root - INFO - Candle already exists for UK100 period 5 time 1774655400000. Skip save.
2026-03-28 21:11:14,472 - root - INFO - Candle already exists for UK100 period 5 time 1774655400000. Skip save.
2026-03-28 21:11:15,011 - root - INFO - Candle already exists for USTEC period 5 time 1774655400000. Skip save.
2026-03-28 21:11:15,011 - root - INFO - Candle already exists for USTEC period 5 time 1774655400000. Skip save.
2026-03-28 21:11:15,502 - root - INFO - Candle already exists for US30 period 5 time 1774655400000. Skip save.
2026-03-28 21:11:15,502 - root - INFO - Candle already exists for US30 period 5 time 1774655400000. Skip save.
2026-03-28 21:13:46,029 - root - INFO - Candle already exists for STOXX50 period 5 time 1774655400000. Skip save.
2026-03-28 21:13:46,029 - root - INFO - Candle already exists for STOXX50 period 5 time 1774655400000. Skip save.
2026-03-28 21:13:46,522 - root - INFO - Candle already exists for UK100 period 5 time 1774655400000. Skip save.
2026-03-28 21:13:46,522 - root - INFO - Candle already exists for UK100 period 5 time 1774655400000. Skip save.
2026-03-28 21:13:47,044 - root - INFO - Candle already exists for USTEC period 5 time 1774655400000. Skip save.
2026-03-28 21:13:47,044 - root - INFO - Candle already exists for USTEC period 5 time 1774655400000. Skip save.
2026-03-28 21:13:47,589 - root - INFO - Candle already exists for US30 period 5 time 1774655400000. Skip save.
2026-03-28 21:13:47,589 - root - INFO - Candle already exists for US30 period 5 time 1774655400000. Skip save.
2026-03-28 21:16:18,094 - root - INFO - Candle already exists for STOXX50 period 5 time 1774655400000. Skip save.
2026-03-28 21:16:18,094 - root - INFO - Candle already exists for STOXX50 period 5 time 1774655400000. Skip save.
2026-03-28 21:16:18,606 - root - INFO - Candle already exists for UK100 period 5 time 1774655400000. Skip save.
2026-03-28 21:16:18,606 - root - INFO - Candle already exists for UK100 period 5 time 1774655400000. Skip save.
2026-03-28 21:16:19,123 - root - INFO - Candle already exists for USTEC period 5 time 1774655400000. Skip save.
2026-03-28 21:16:19,123 - root - INFO - Candle already exists for USTEC period 5 time 1774655400000. Skip save.
2026-03-28 21:16:19,635 - root - INFO - Candle already exists for US30 period 5 time 1774655400000. Skip save.
2026-03-28 21:16:19,635 - root - INFO - Candle already exists for US30 period 5 time 1774655400000. Skip save.
2026-03-28 21:18:50,183 - root - INFO - Candle already exists for STOXX50 period 5 time 1774655400000. Skip save.
2026-03-28 21:18:50,183 - root - INFO - Candle already exists for STOXX50 period 5 time 1774655400000. Skip save.
2026-03-28 21:18:50,712 - root - INFO - Candle already exists for UK100 period 5 time 1774655400000. Skip save.
2026-03-28 21:18:50,712 - root - INFO - Candle already exists for UK100 period 5 time 1774655400000. Skip save.
2026-03-28 21:18:51,220 - root - INFO - Candle already exists for USTEC period 5 time 1774655400000. Skip save.
2026-03-28 21:18:51,220 - root - INFO - Candle already exists for USTEC period 5 time 1774655400000. Skip save.
2026-03-28 21:18:51,755 - root - INFO - Candle already exists for US30 period 5 time 1774655400000. Skip save.
2026-03-28 21:18:51,755 - root - INFO - Candle already exists for US30 period 5 time 1774655400000. Skip save.
2026-03-28 21:21:22,259 - root - INFO - Candle already exists for STOXX50 period 5 time 1774655400000. Skip save.
2026-03-28 21:21:22,259 - root - INFO - Candle already exists for STOXX50 period 5 time 1774655400000. Skip save.
2026-03-28 21:21:22,788 - root - INFO - Candle already exists for UK100 period 5 time 1774655400000. Skip save.
2026-03-28 21:21:22,788 - root - INFO - Candle already exists for UK100 period 5 time 1774655400000. Skip save.
2026-03-28 21:21:23,329 - root - INFO - Candle already exists for USTEC period 5 time 1774655400000. Skip save.
2026-03-28 21:21:23,329 - root - INFO - Candle already exists for USTEC period 5 time 1774655400000. Skip save.
2026-03-28 21:21:23,863 - root - INFO - Candle already exists for US30 period 5 time 1774655400000. Skip save.
2026-03-28 21:21:23,863 - root - INFO - Candle already exists for US30 period 5 time 1774655400000. Skip save.
2026-03-28 21:23:54,393 - root - INFO - Candle already exists for STOXX50 period 5 time 1774655400000. Skip save.
2026-03-28 21:23:54,393 - root - INFO - Candle already exists for STOXX50 period 5 time 1774655400000. Skip save.
2026-03-28 21:23:54,902 - root - INFO - Candle already exists for UK100 period 5 time 1774655400000. Skip save.
2026-03-28 21:23:54,902 - root - INFO - Candle already exists for UK100 period 5 time 1774655400000. Skip save.
2026-03-28 21:23:55,415 - root - INFO - Candle already exists for USTEC period 5 time 1774655400000. Skip save.
2026-03-28 21:23:55,415 - root - INFO - Candle already exists for USTEC period 5 time 1774655400000. Skip save.
2026-03-28 21:23:55,962 - root - INFO - Candle already exists for US30 period 5 time 1774655400000. Skip save.
2026-03-28 21:23:55,962 - root - INFO - Candle already exists for US30 period 5 time 1774655400000. Skip save.
2026-03-28 21:26:26,494 - root - INFO - Candle already exists for STOXX50 period 5 time 1774655400000. Skip save.
2026-03-28 21:26:26,494 - root - INFO - Candle already exists for STOXX50 period 5 time 1774655400000. Skip save.
2026-03-28 21:26:26,995 - root - INFO - Candle already exists for UK100 period 5 time 1774655400000. Skip save.
2026-03-28 21:26:26,995 - root - INFO - Candle already exists for UK100 period 5 time 1774655400000. Skip save.
2026-03-28 21:26:27,490 - root - INFO - Candle already exists for USTEC period 5 time 1774655400000. Skip save.
2026-03-28 21:26:27,490 - root - INFO - Candle already exists for USTEC period 5 time 1774655400000. Skip save.
2026-03-28 21:26:28,028 - root - INFO - Candle already exists for US30 period 5 time 1774655400000. Skip save.
2026-03-28 21:26:28,028 - root - INFO - Candle already exists for US30 period 5 time 1774655400000. Skip save.
2026-03-28 21:28:58,562 - root - INFO - Candle already exists for STOXX50 period 5 time 1774655400000. Skip save.
2026-03-28 21:28:58,562 - root - INFO - Candle already exists for STOXX50 period 5 time 1774655400000. Skip save.
2026-03-28 21:28:59,084 - root - INFO - Candle already exists for UK100 period 5 time 1774655400000. Skip save.
2026-03-28 21:28:59,084 - root - INFO - Candle already exists for UK100 period 5 time 1774655400000. Skip save.
2026-03-28 21:28:59,574 - root - INFO - Candle already exists for USTEC period 5 time 1774655400000. Skip save.
2026-03-28 21:28:59,574 - root - INFO - Candle already exists for USTEC period 5 time 1774655400000. Skip save.
2026-03-28 21:29:00,121 - root - INFO - Candle already exists for US30 period 5 time 1774655400000. Skip save.
2026-03-28 21:29:00,121 - root - INFO - Candle already exists for US30 period 5 time 1774655400000. Skip save.
2026-03-28 21:31:30,608 - root - INFO - Candle already exists for STOXX50 period 5 time 1774655400000. Skip save.
2026-03-28 21:31:30,608 - root - INFO - Candle already exists for STOXX50 period 5 time 1774655400000. Skip save.
2026-03-28 21:31:31,118 - root - INFO - Candle already exists for UK100 period 5 time 1774655400000. Skip save.
2026-03-28 21:31:31,118 - root - INFO - Candle already exists for UK100 period 5 time 1774655400000. Skip save.
2026-03-28 21:31:31,640 - root - INFO - Candle already exists for USTEC period 5 time 1774655400000. Skip save.
2026-03-28 21:31:31,640 - root - INFO - Candle already exists for USTEC period 5 time 1774655400000. Skip save.
2026-03-28 21:31:32,165 - root - INFO - Candle already exists for US30 period 5 time 1774655400000. Skip save.
2026-03-28 21:31:32,165 - root - INFO - Candle already exists for US30 period 5 time 1774655400000. Skip save.
2026-03-28 21:34:02,686 - root - INFO - Candle already exists for STOXX50 period 5 time 1774655400000. Skip save.
2026-03-28 21:34:02,686 - root - INFO - Candle already exists for STOXX50 period 5 time 1774655400000. Skip save.
2026-03-28 21:34:03,174 - root - INFO - Candle already exists for UK100 period 5 time 1774655400000. Skip save.
2026-03-28 21:34:03,174 - root - INFO - Candle already exists for UK100 period 5 time 1774655400000. Skip save.
2026-03-28 21:34:03,713 - root - INFO - Candle already exists for USTEC period 5 time 1774655400000. Skip save.
2026-03-28 21:34:03,713 - root - INFO - Candle already exists for USTEC period 5 time 1774655400000. Skip save.
2026-03-28 21:34:04,239 - root - INFO - Candle already exists for US30 period 5 time 1774655400000. Skip save.
2026-03-28 21:34:04,239 - root - INFO - Candle already exists for US30 period 5 time 1774655400000. Skip save.
2026-03-28 21:36:34,758 - root - INFO - Candle already exists for STOXX50 period 5 time 1774655400000. Skip save.
2026-03-28 21:36:34,758 - root - INFO - Candle already exists for STOXX50 period 5 time 1774655400000. Skip save.
2026-03-28 21:36:35,257 - root - INFO - Candle already exists for UK100 period 5 time 1774655400000. Skip save.
2026-03-28 21:36:35,257 - root - INFO - Candle already exists for UK100 period 5 time 1774655400000. Skip save.
2026-03-28 21:36:35,771 - root - INFO - Candle already exists for USTEC period 5 time 1774655400000. Skip save.
2026-03-28 21:36:35,771 - root - INFO - Candle already exists for USTEC period 5 time 1774655400000. Skip save.
2026-03-28 21:36:36,281 - root - INFO - Candle already exists for US30 period 5 time 1774655400000. Skip save.
2026-03-28 21:36:36,281 - root - INFO - Candle already exists for US30 period 5 time 1774655400000. Skip save.
2026-03-28 21:39:06,819 - root - INFO - Candle already exists for STOXX50 period 5 time 1774655400000. Skip save.
2026-03-28 21:39:06,819 - root - INFO - Candle already exists for STOXX50 period 5 time 1774655400000. Skip save.
2026-03-28 21:39:07,344 - root - INFO - Candle already exists for UK100 period 5 time 1774655400000. Skip save.
2026-03-28 21:39:07,344 - root - INFO - Candle already exists for UK100 period 5 time 1774655400000. Skip save.
2026-03-28 21:39:07,849 - root - INFO - Candle already exists for USTEC period 5 time 1774655400000. Skip save.
2026-03-28 21:39:07,849 - root - INFO - Candle already exists for USTEC period 5 time 1774655400000. Skip save.
2026-03-28 21:39:08,764 - root - INFO - Candle already exists for US30 period 5 time 1774655400000. Skip save.
2026-03-28 21:39:08,764 - root - INFO - Candle already exists for US30 period 5 time 1774655400000. Skip save.
2026-03-28 21:41:39,350 - root - INFO - Candle already exists for STOXX50 period 5 time 1774655400000. Skip save.
2026-03-28 21:41:39,350 - root - INFO - Candle already exists for STOXX50 period 5 time 1774655400000. Skip save.
2026-03-28 21:41:39,915 - root - INFO - Candle already exists for UK100 period 5 time 1774655400000. Skip save.
2026-03-28 21:41:39,915 - root - INFO - Candle already exists for UK100 period 5 time 1774655400000. Skip save.
2026-03-28 21:41:40,557 - root - INFO - Candle already exists for USTEC period 5 time 1774655400000. Skip save.
2026-03-28 21:41:40,557 - root - INFO - Candle already exists for USTEC period 5 time 1774655400000. Skip save.
2026-03-28 21:41:41,297 - root - INFO - Candle already exists for US30 period 5 time 1774655400000. Skip save.
2026-03-28 21:41:41,297 - root - INFO - Candle already exists for US30 period 5 time 1774655400000. Skip save.
2026-03-28 21:44:11,905 - root - INFO - Candle already exists for STOXX50 period 5 time 1774655400000. Skip save.
2026-03-28 21:44:11,905 - root - INFO - Candle already exists for STOXX50 period 5 time 1774655400000. Skip save.
2026-03-28 21:44:12,397 - root - INFO - Candle already exists for UK100 period 5 time 1774655400000. Skip save.
2026-03-28 21:44:12,397 - root - INFO - Candle already exists for UK100 period 5 time 1774655400000. Skip save.
2026-03-28 21:44:12,897 - root - INFO - Candle already exists for USTEC period 5 time 1774655400000. Skip save.
2026-03-28 21:44:12,897 - root - INFO - Candle already exists for USTEC period 5 time 1774655400000. Skip save.
2026-03-28 21:44:13,394 - root - INFO - Candle already exists for US30 period 5 time 1774655400000. Skip save.
2026-03-28 21:44:13,394 - root - INFO - Candle already exists for US30 period 5 time 1774655400000. Skip save.
2026-03-28 21:46:43,886 - root - INFO - Candle already exists for STOXX50 period 5 time 1774655400000. Skip save.
2026-03-28 21:46:43,886 - root - INFO - Candle already exists for STOXX50 period 5 time 1774655400000. Skip save.
2026-03-28 21:46:44,360 - root - INFO - Candle already exists for UK100 period 5 time 1774655400000. Skip save.
2026-03-28 21:46:44,360 - root - INFO - Candle already exists for UK100 period 5 time 1774655400000. Skip save.
2026-03-28 21:46:45,078 - root - INFO - Candle already exists for USTEC period 5 time 1774655400000. Skip save.
2026-03-28 21:46:45,078 - root - INFO - Candle already exists for USTEC period 5 time 1774655400000. Skip save.
2026-03-28 21:46:45,660 - root - INFO - Candle already exists for US30 period 5 time 1774655400000. Skip save.
2026-03-28 21:46:45,660 - root - INFO - Candle already exists for US30 period 5 time 1774655400000. Skip save.
2026-03-28 21:49:16,170 - root - INFO - Candle already exists for STOXX50 period 5 time 1774655400000. Skip save.
2026-03-28 21:49:16,170 - root - INFO - Candle already exists for STOXX50 period 5 time 1774655400000. Skip save.
2026-03-28 21:49:16,670 - root - INFO - Candle already exists for UK100 period 5 time 1774655400000. Skip save.
2026-03-28 21:49:16,670 - root - INFO - Candle already exists for UK100 period 5 time 1774655400000. Skip save.
2026-03-28 21:49:17,150 - root - INFO - Candle already exists for USTEC period 5 time 1774655400000. Skip save.
2026-03-28 21:49:17,150 - root - INFO - Candle already exists for USTEC period 5 time 1774655400000. Skip save.
2026-03-28 21:49:17,660 - root - INFO - Candle already exists for US30 period 5 time 1774655400000. Skip save.
2026-03-28 21:49:17,660 - root - INFO - Candle already exists for US30 period 5 time 1774655400000. Skip save.
2026-03-28 21:51:48,137 - root - INFO - Candle already exists for STOXX50 period 5 time 1774655400000. Skip save.
2026-03-28 21:51:48,137 - root - INFO - Candle already exists for STOXX50 period 5 time 1774655400000. Skip save.
2026-03-28 21:51:48,621 - root - INFO - Candle already exists for UK100 period 5 time 1774655400000. Skip save.
2026-03-28 21:51:48,621 - root - INFO - Candle already exists for UK100 period 5 time 1774655400000. Skip save.
2026-03-28 21:51:49,109 - root - INFO - Candle already exists for USTEC period 5 time 1774655400000. Skip save.
2026-03-28 21:51:49,109 - root - INFO - Candle already exists for USTEC period 5 time 1774655400000. Skip save.
2026-03-28 21:51:49,617 - root - INFO - Candle already exists for US30 period 5 time 1774655400000. Skip save.
2026-03-28 21:51:49,617 - root - INFO - Candle already exists for US30 period 5 time 1774655400000. Skip save.
2026-03-28 21:54:20,095 - root - INFO - Candle already exists for STOXX50 period 5 time 1774655400000. Skip save.
2026-03-28 21:54:20,095 - root - INFO - Candle already exists for STOXX50 period 5 time 1774655400000. Skip save.
2026-03-28 21:54:20,603 - root - INFO - Candle already exists for UK100 period 5 time 1774655400000. Skip save.
2026-03-28 21:54:20,603 - root - INFO - Candle already exists for UK100 period 5 time 1774655400000. Skip save.
2026-03-28 21:54:21,386 - root - INFO - Candle already exists for USTEC period 5 time 1774655400000. Skip save.
2026-03-28 21:54:21,386 - root - INFO - Candle already exists for USTEC period 5 time 1774655400000. Skip save.
2026-03-28 21:54:21,891 - root - INFO - Candle already exists for US30 period 5 time 1774655400000. Skip save.
2026-03-28 21:54:21,891 - root - INFO - Candle already exists for US30 period 5 time 1774655400000. Skip save.
2026-03-28 21:56:52,382 - root - INFO - Candle already exists for STOXX50 period 5 time 1774655400000. Skip save.
2026-03-28 21:56:52,382 - root - INFO - Candle already exists for STOXX50 period 5 time 1774655400000. Skip save.
2026-03-28 21:56:52,889 - root - INFO - Candle already exists for UK100 period 5 time 1774655400000. Skip save.
2026-03-28 21:56:52,889 - root - INFO - Candle already exists for UK100 period 5 time 1774655400000. Skip save.
2026-03-28 21:56:53,366 - root - INFO - Candle already exists for USTEC period 5 time 1774655400000. Skip save.
2026-03-28 21:56:53,366 - root - INFO - Candle already exists for USTEC period 5 time 1774655400000. Skip save.
2026-03-28 21:56:53,880 - root - INFO - Candle already exists for US30 period 5 time 1774655400000. Skip save.
2026-03-28 21:56:53,880 - root - INFO - Candle already exists for US30 period 5 time 1774655400000. Skip save.
2026-03-28 21:59:24,373 - root - INFO - Candle already exists for STOXX50 period 5 time 1774655400000. Skip save.
2026-03-28 21:59:24,373 - root - INFO - Candle already exists for STOXX50 period 5 time 1774655400000. Skip save.
2026-03-28 21:59:24,857 - root - INFO - Candle already exists for UK100 period 5 time 1774655400000. Skip save.
2026-03-28 21:59:24,857 - root - INFO - Candle already exists for UK100 period 5 time 1774655400000. Skip save.
2026-03-28 21:59:25,329 - root - INFO - Candle already exists for USTEC period 5 time 1774655400000. Skip save.
2026-03-28 21:59:25,329 - root - INFO - Candle already exists for USTEC period 5 time 1774655400000. Skip save.
2026-03-28 21:59:25,833 - root - INFO - Candle already exists for US30 period 5 time 1774655400000. Skip save.
2026-03-28 21:59:25,833 - root - INFO - Candle already exists for US30 period 5 time 1774655400000. Skip save.
2026-03-28 22:01:56,315 - root - INFO - Candle already exists for STOXX50 period 5 time 1774655400000. Skip save.
2026-03-28 22:01:56,315 - root - INFO - Candle already exists for STOXX50 period 5 time 1774655400000. Skip save.
2026-03-28 22:01:56,823 - root - INFO - Candle already exists for UK100 period 5 time 1774655400000. Skip save.
2026-03-28 22:01:56,823 - root - INFO - Candle already exists for UK100 period 5 time 1774655400000. Skip save.
2026-03-28 22:01:57,324 - root - INFO - Candle already exists for USTEC period 5 time 1774655400000. Skip save.
2026-03-28 22:01:57,324 - root - INFO - Candle already exists for USTEC period 5 time 1774655400000. Skip save.
2026-03-28 22:01:57,843 - root - INFO - Candle already exists for US30 period 5 time 1774655400000. Skip save.
2026-03-28 22:01:57,843 - root - INFO - Candle already exists for US30 period 5 time 1774655400000. Skip save.
2026-03-28 22:04:28,352 - root - INFO - Candle already exists for STOXX50 period 5 time 1774655400000. Skip save.
2026-03-28 22:04:28,352 - root - INFO - Candle already exists for STOXX50 period 5 time 1774655400000. Skip save.
2026-03-28 22:04:28,906 - root - INFO - Candle already exists for UK100 period 5 time 1774655400000. Skip save.
2026-03-28 22:04:28,906 - root - INFO - Candle already exists for UK100 period 5 time 1774655400000. Skip save.
2026-03-28 22:04:29,470 - root - INFO - Candle already exists for USTEC period 5 time 1774655400000. Skip save.
2026-03-28 22:04:29,470 - root - INFO - Candle already exists for USTEC period 5 time 1774655400000. Skip save.
2026-03-28 22:04:30,080 - root - INFO - Candle already exists for US30 period 5 time 1774655400000. Skip save.
2026-03-28 22:04:30,080 - root - INFO - Candle already exists for US30 period 5 time 1774655400000. Skip save.
2026-03-28 22:07:00,598 - root - INFO - Candle already exists for STOXX50 period 5 time 1774655400000. Skip save.
2026-03-28 22:07:00,598 - root - INFO - Candle already exists for STOXX50 period 5 time 1774655400000. Skip save.
2026-03-28 22:07:01,150 - root - INFO - Candle already exists for UK100 period 5 time 1774655400000. Skip save.
2026-03-28 22:07:01,150 - root - INFO - Candle already exists for UK100 period 5 time 1774655400000. Skip save.
2026-03-28 22:07:01,659 - root - INFO - Candle already exists for USTEC period 5 time 1774655400000. Skip save.
2026-03-28 22:07:01,659 - root - INFO - Candle already exists for USTEC period 5 time 1774655400000. Skip save.
2026-03-28 22:07:02,204 - root - INFO - Candle already exists for US30 period 5 time 1774655400000. Skip save.
2026-03-28 22:07:02,204 - root - INFO - Candle already exists for US30 period 5 time 1774655400000. Skip save.
2026-03-28 22:09:32,703 - root - INFO - Candle already exists for STOXX50 period 5 time 1774655400000. Skip save.
2026-03-28 22:09:32,703 - root - INFO - Candle already exists for STOXX50 period 5 time 1774655400000. Skip save.
2026-03-28 22:09:33,107 - root - INFO - Candle already exists for UK100 period 5 time 1774655400000. Skip save.
2026-03-28 22:09:33,107 - root - INFO - Candle already exists for UK100 period 5 time 1774655400000. Skip save.
2026-03-28 22:09:33,508 - root - INFO - Candle already exists for USTEC period 5 time 1774655400000. Skip save.
2026-03-28 22:09:33,508 - root - INFO - Candle already exists for USTEC period 5 time 1774655400000. Skip save.
2026-03-28 22:09:33,936 - root - INFO - Candle already exists for US30 period 5 time 1774655400000. Skip save.
2026-03-28 22:09:33,936 - root - INFO - Candle already exists for US30 period 5 time 1774655400000. Skip save.
2026-03-28 22:12:04,350 - root - INFO - Candle already exists for STOXX50 period 5 time 1774655400000. Skip save.
2026-03-28 22:12:04,350 - root - INFO - Candle already exists for STOXX50 period 5 time 1774655400000. Skip save.
2026-03-28 22:12:04,812 - root - INFO - Candle already exists for UK100 period 5 time 1774655400000. Skip save.
2026-03-28 22:12:04,812 - root - INFO - Candle already exists for UK100 period 5 time 1774655400000. Skip save.
2026-03-28 22:12:05,243 - root - INFO - Candle already exists for USTEC period 5 time 1774655400000. Skip save.
2026-03-28 22:12:05,243 - root - INFO - Candle already exists for USTEC period 5 time 1774655400000. Skip save.
2026-03-28 22:12:05,705 - root - INFO - Candle already exists for US30 period 5 time 1774655400000. Skip save.
2026-03-28 22:12:05,705 - root - INFO - Candle already exists for US30 period 5 time 1774655400000. Skip save.
2026-03-28 22:14:36,144 - root - INFO - Candle already exists for STOXX50 period 5 time 1774655400000. Skip save.
2026-03-28 22:14:36,144 - root - INFO - Candle already exists for STOXX50 period 5 time 1774655400000. Skip save.
2026-03-28 22:14:36,609 - root - INFO - Candle already exists for UK100 period 5 time 1774655400000. Skip save.
2026-03-28 22:14:36,609 - root - INFO - Candle already exists for UK100 period 5 time 1774655400000. Skip save.
2026-03-28 22:14:37,045 - root - INFO - Candle already exists for USTEC period 5 time 1774655400000. Skip save.
2026-03-28 22:14:37,045 - root - INFO - Candle already exists for USTEC period 5 time 1774655400000. Skip save.
2026-03-28 22:14:37,506 - root - INFO - Candle already exists for US30 period 5 time 1774655400000. Skip save.
2026-03-28 22:14:37,506 - root - INFO - Candle already exists for US30 period 5 time 1774655400000. Skip save.
2026-03-28 22:17:07,947 - root - INFO - Candle already exists for STOXX50 period 5 time 1774655400000. Skip save.
2026-03-28 22:17:07,947 - root - INFO - Candle already exists for STOXX50 period 5 time 1774655400000. Skip save.
2026-03-28 22:17:08,394 - root - INFO - Candle already exists for UK100 period 5 time 1774655400000. Skip save.
2026-03-28 22:17:08,394 - root - INFO - Candle already exists for UK100 period 5 time 1774655400000. Skip save.
2026-03-28 22:17:08,838 - root - INFO - Candle already exists for USTEC period 5 time 1774655400000. Skip save.
2026-03-28 22:17:08,838 - root - INFO - Candle already exists for USTEC period 5 time 1774655400000. Skip save.
2026-03-28 22:17:09,296 - root - INFO - Candle already exists for US30 period 5 time 1774655400000. Skip save.
2026-03-28 22:17:09,296 - root - INFO - Candle already exists for US30 period 5 time 1774655400000. Skip save.
2026-03-28 22:19:39,735 - root - INFO - Candle already exists for STOXX50 period 5 time 1774655400000. Skip save.
2026-03-28 22:19:39,735 - root - INFO - Candle already exists for STOXX50 period 5 time 1774655400000. Skip save.
2026-03-28 22:19:40,192 - root - INFO - Candle already exists for UK100 period 5 time 1774655400000. Skip save.
2026-03-28 22:19:40,192 - root - INFO - Candle already exists for UK100 period 5 time 1774655400000. Skip save.
2026-03-28 22:19:40,625 - root - INFO - Candle already exists for USTEC period 5 time 1774655400000. Skip save.
2026-03-28 22:19:40,625 - root - INFO - Candle already exists for USTEC period 5 time 1774655400000. Skip save.
2026-03-28 22:19:41,092 - root - INFO - Candle already exists for US30 period 5 time 1774655400000. Skip save.
2026-03-28 22:19:41,092 - root - INFO - Candle already exists for US30 period 5 time 1774655400000. Skip save.
2026-03-28 22:21:41,134 - root - INFO - Candle already exists for STOXX50 period 5 time 1774655400000. Skip save.
2026-03-28 22:21:41,134 - root - INFO - Candle already exists for STOXX50 period 5 time 1774655400000. Skip save.
2026-03-28 22:21:41,754 - root - INFO - Candle already exists for UK100 period 5 time 1774655400000. Skip save.
2026-03-28 22:21:41,754 - root - INFO - Candle already exists for UK100 period 5 time 1774655400000. Skip save.
2026-03-28 22:21:42,301 - root - INFO - Candle already exists for USTEC period 5 time 1774655400000. Skip save.
2026-03-28 22:21:42,301 - root - INFO - Candle already exists for USTEC period 5 time 1774655400000. Skip save.
2026-03-28 22:21:43,099 - root - INFO - Candle already exists for US30 period 5 time 1774655400000. Skip save.
2026-03-28 22:21:43,099 - root - INFO - Candle already exists for US30 period 5 time 1774655400000. Skip save.
2026-03-28 22:24:13,614 - root - INFO - Candle already exists for STOXX50 period 5 time 1774655400000. Skip save.
2026-03-28 22:24:13,614 - root - INFO - Candle already exists for STOXX50 period 5 time 1774655400000. Skip save.
2026-03-28 22:24:14,176 - root - INFO - Candle already exists for UK100 period 5 time 1774655400000. Skip save.
2026-03-28 22:24:14,176 - root - INFO - Candle already exists for UK100 period 5 time 1774655400000. Skip save.
2026-03-28 22:24:14,668 - root - INFO - Candle already exists for USTEC period 5 time 1774655400000. Skip save.
2026-03-28 22:24:14,668 - root - INFO - Candle already exists for USTEC period 5 time 1774655400000. Skip save.
2026-03-28 22:24:15,193 - root - INFO - Candle already exists for US30 period 5 time 1774655400000. Skip save.
2026-03-28 22:24:15,193 - root - INFO - Candle already exists for US30 period 5 time 1774655400000. Skip save.
2026-03-28 22:26:45,699 - root - INFO - Candle already exists for STOXX50 period 5 time 1774655400000. Skip save.
2026-03-28 22:26:45,699 - root - INFO - Candle already exists for STOXX50 period 5 time 1774655400000. Skip save.
2026-03-28 22:26:46,219 - root - INFO - Candle already exists for UK100 period 5 time 1774655400000. Skip save.
2026-03-28 22:26:46,219 - root - INFO - Candle already exists for UK100 period 5 time 1774655400000. Skip save.
2026-03-28 22:26:46,727 - root - INFO - Candle already exists for USTEC period 5 time 1774655400000. Skip save.
2026-03-28 22:26:46,727 - root - INFO - Candle already exists for USTEC period 5 time 1774655400000. Skip save.
2026-03-28 22:26:47,253 - root - INFO - Candle already exists for US30 period 5 time 1774655400000. Skip save.
2026-03-28 22:26:47,253 - root - INFO - Candle already exists for US30 period 5 time 1774655400000. Skip save.
2026-03-28 22:29:17,756 - root - INFO - Candle already exists for STOXX50 period 5 time 1774655400000. Skip save.
2026-03-28 22:29:17,756 - root - INFO - Candle already exists for STOXX50 period 5 time 1774655400000. Skip save.
2026-03-28 22:29:18,344 - root - INFO - Candle already exists for UK100 period 5 time 1774655400000. Skip save.
2026-03-28 22:29:18,344 - root - INFO - Candle already exists for UK100 period 5 time 1774655400000. Skip save.
2026-03-28 22:29:18,891 - root - INFO - Candle already exists for USTEC period 5 time 1774655400000. Skip save.
2026-03-28 22:29:18,891 - root - INFO - Candle already exists for USTEC period 5 time 1774655400000. Skip save.
2026-03-28 22:29:19,462 - root - INFO - Candle already exists for US30 period 5 time 1774655400000. Skip save.
2026-03-28 22:29:19,462 - root - INFO - Candle already exists for US30 period 5 time 1774655400000. Skip save.
2026-03-28 22:31:50,005 - root - INFO - Candle already exists for STOXX50 period 5 time 1774655400000. Skip save.
2026-03-28 22:31:50,005 - root - INFO - Candle already exists for STOXX50 period 5 time 1774655400000. Skip save.
2026-03-28 22:31:50,565 - root - INFO - Candle already exists for UK100 period 5 time 1774655400000. Skip save.
2026-03-28 22:31:50,565 - root - INFO - Candle already exists for UK100 period 5 time 1774655400000. Skip save.
2026-03-28 22:31:51,096 - root - INFO - Candle already exists for USTEC period 5 time 1774655400000. Skip save.
2026-03-28 22:31:51,096 - root - INFO - Candle already exists for USTEC period 5 time 1774655400000. Skip save.
2026-03-28 22:31:51,618 - root - INFO - Candle already exists for US30 period 5 time 1774655400000. Skip save.
2026-03-28 22:31:51,618 - root - INFO - Candle already exists for US30 period 5 time 1774655400000. Skip save.
2026-03-28 22:34:22,154 - root - INFO - Candle already exists for STOXX50 period 5 time 1774655400000. Skip save.
2026-03-28 22:34:22,154 - root - INFO - Candle already exists for STOXX50 period 5 time 1774655400000. Skip save.
2026-03-28 22:34:22,698 - root - INFO - Candle already exists for UK100 period 5 time 1774655400000. Skip save.
2026-03-28 22:34:22,698 - root - INFO - Candle already exists for UK100 period 5 time 1774655400000. Skip save.
2026-03-28 22:34:23,204 - root - INFO - Candle already exists for USTEC period 5 time 1774655400000. Skip save.
2026-03-28 22:34:23,204 - root - INFO - Candle already exists for USTEC period 5 time 1774655400000. Skip save.
2026-03-28 22:34:23,750 - root - INFO - Candle already exists for US30 period 5 time 1774655400000. Skip save.
2026-03-28 22:34:23,750 - root - INFO - Candle already exists for US30 period 5 time 1774655400000. Skip save.
2026-03-28 22:36:54,270 - root - INFO - Candle already exists for STOXX50 period 5 time 1774655400000. Skip save.
2026-03-28 22:36:54,270 - root - INFO - Candle already exists for STOXX50 period 5 time 1774655400000. Skip save.
2026-03-28 22:36:54,804 - root - INFO - Candle already exists for UK100 period 5 time 1774655400000. Skip save.
2026-03-28 22:36:54,804 - root - INFO - Candle already exists for UK100 period 5 time 1774655400000. Skip save.
2026-03-28 22:36:55,306 - root - INFO - Candle already exists for USTEC period 5 time 1774655400000. Skip save.
2026-03-28 22:36:55,306 - root - INFO - Candle already exists for USTEC period 5 time 1774655400000. Skip save.
2026-03-28 22:36:55,816 - root - INFO - Candle already exists for US30 period 5 time 1774655400000. Skip save.
2026-03-28 22:36:55,816 - root - INFO - Candle already exists for US30 period 5 time 1774655400000. Skip save.
2026-03-28 22:39:53,555 - root - INFO - Candle already exists for STOXX50 period 5 time 1774655400000. Skip save.
2026-03-28 22:39:53,555 - root - INFO - Candle already exists for STOXX50 period 5 time 1774655400000. Skip save.
2026-03-28 22:39:54,212 - root - INFO - Candle already exists for UK100 period 5 time 1774655400000. Skip save.
2026-03-28 22:39:54,212 - root - INFO - Candle already exists for UK100 period 5 time 1774655400000. Skip save.
2026-03-28 22:39:54,716 - root - INFO - Candle already exists for USTEC period 5 time 1774655400000. Skip save.
2026-03-28 22:39:54,716 - root - INFO - Candle already exists for USTEC period 5 time 1774655400000. Skip save.
2026-03-28 22:39:55,269 - root - INFO - Candle already exists for US30 period 5 time 1774655400000. Skip save.
2026-03-28 22:39:55,269 - root - INFO - Candle already exists for US30 period 5 time 1774655400000. Skip save.
2026-03-28 22:42:25,798 - root - INFO - Candle already exists for STOXX50 period 5 time 1774655400000. Skip save.
2026-03-28 22:42:25,798 - root - INFO - Candle already exists for STOXX50 period 5 time 1774655400000. Skip save.
2026-03-28 22:42:26,336 - root - INFO - Candle already exists for UK100 period 5 time 1774655400000. Skip save.
2026-03-28 22:42:26,336 - root - INFO - Candle already exists for UK100 period 5 time 1774655400000. Skip save.
2026-03-28 22:42:26,884 - root - INFO - Candle already exists for USTEC period 5 time 1774655400000. Skip save.
2026-03-28 22:42:26,884 - root - INFO - Candle already exists for USTEC period 5 time 1774655400000. Skip save.
2026-03-28 22:42:27,427 - root - INFO - Candle already exists for US30 period 5 time 1774655400000. Skip save.
2026-03-28 22:42:27,427 - root - INFO - Candle already exists for US30 period 5 time 1774655400000. Skip save.
2026-03-28 22:44:57,948 - root - INFO - Candle already exists for STOXX50 period 5 time 1774655400000. Skip save.
2026-03-28 22:44:57,948 - root - INFO - Candle already exists for STOXX50 period 5 time 1774655400000. Skip save.
2026-03-28 22:44:58,533 - root - INFO - Candle already exists for UK100 period 5 time 1774655400000. Skip save.
2026-03-28 22:44:58,533 - root - INFO - Candle already exists for UK100 period 5 time 1774655400000. Skip save.
2026-03-28 22:44:59,033 - root - INFO - Candle already exists for USTEC period 5 time 1774655400000. Skip save.
2026-03-28 22:44:59,033 - root - INFO - Candle already exists for USTEC period 5 time 1774655400000. Skip save.
2026-03-28 22:44:59,590 - root - INFO - Candle already exists for US30 period 5 time 1774655400000. Skip save.
2026-03-28 22:44:59,590 - root - INFO - Candle already exists for US30 period 5 time 1774655400000. Skip save.
2026-03-28 22:47:30,107 - root - INFO - Candle already exists for STOXX50 period 5 time 1774655400000. Skip save.
2026-03-28 22:47:30,107 - root - INFO - Candle already exists for STOXX50 period 5 time 1774655400000. Skip save.
2026-03-28 22:47:30,692 - root - INFO - Candle already exists for UK100 period 5 time 1774655400000. Skip save.
2026-03-28 22:47:30,692 - root - INFO - Candle already exists for UK100 period 5 time 1774655400000. Skip save.
2026-03-28 22:47:31,229 - root - INFO - Candle already exists for USTEC period 5 time 1774655400000. Skip save.
2026-03-28 22:47:31,229 - root - INFO - Candle already exists for USTEC period 5 time 1774655400000. Skip save.
2026-03-28 22:47:31,764 - root - INFO - Candle already exists for US30 period 5 time 1774655400000. Skip save.
2026-03-28 22:47:31,764 - root - INFO - Candle already exists for US30 period 5 time 1774655400000. Skip save.
2026-03-28 22:50:02,302 - root - INFO - Candle already exists for STOXX50 period 5 time 1774655400000. Skip save.
2026-03-28 22:50:02,302 - root - INFO - Candle already exists for STOXX50 period 5 time 1774655400000. Skip save.
2026-03-28 22:50:02,900 - root - INFO - Candle already exists for UK100 period 5 time 1774655400000. Skip save.
2026-03-28 22:50:02,900 - root - INFO - Candle already exists for UK100 period 5 time 1774655400000. Skip save.
2026-03-28 22:50:03,401 - root - INFO - Candle already exists for USTEC period 5 time 1774655400000. Skip save.
2026-03-28 22:50:03,401 - root - INFO - Candle already exists for USTEC period 5 time 1774655400000. Skip save.
2026-03-28 22:50:03,948 - root - INFO - Candle already exists for US30 period 5 time 1774655400000. Skip save.
2026-03-28 22:50:03,948 - root - INFO - Candle already exists for US30 period 5 time 1774655400000. Skip save.
2026-03-28 22:52:34,477 - root - INFO - Candle already exists for STOXX50 period 5 time 1774655400000. Skip save.
2026-03-28 22:52:34,477 - root - INFO - Candle already exists for STOXX50 period 5 time 1774655400000. Skip save.
2026-03-28 22:52:35,098 - root - INFO - Candle already exists for UK100 period 5 time 1774655400000. Skip save.
2026-03-28 22:52:35,098 - root - INFO - Candle already exists for UK100 period 5 time 1774655400000. Skip save.
2026-03-28 22:52:35,627 - root - INFO - Candle already exists for USTEC period 5 time 1774655400000. Skip save.
2026-03-28 22:52:35,627 - root - INFO - Candle already exists for USTEC period 5 time 1774655400000. Skip save.
2026-03-28 22:52:36,186 - root - INFO - Candle already exists for US30 period 5 time 1774655400000. Skip save.
2026-03-28 22:52:36,186 - root - INFO - Candle already exists for US30 period 5 time 1774655400000. Skip save.
2026-03-28 22:55:06,707 - root - INFO - Candle already exists for STOXX50 period 5 time 1774655400000. Skip save.
2026-03-28 22:55:06,707 - root - INFO - Candle already exists for STOXX50 period 5 time 1774655400000. Skip save.
2026-03-28 22:55:07,278 - root - INFO - Candle already exists for UK100 period 5 time 1774655400000. Skip save.
2026-03-28 22:55:07,278 - root - INFO - Candle already exists for UK100 period 5 time 1774655400000. Skip save.
2026-03-28 22:55:07,788 - root - INFO - Candle already exists for USTEC period 5 time 1774655400000. Skip save.
2026-03-28 22:55:07,788 - root - INFO - Candle already exists for USTEC period 5 time 1774655400000. Skip save.
2026-03-28 22:55:08,346 - root - INFO - Candle already exists for US30 period 5 time 1774655400000. Skip save.
2026-03-28 22:55:08,346 - root - INFO - Candle already exists for US30 period 5 time 1774655400000. Skip save.
2026-03-28 22:57:38,873 - root - INFO - Candle already exists for STOXX50 period 5 time 1774655400000. Skip save.
2026-03-28 22:57:38,873 - root - INFO - Candle already exists for STOXX50 period 5 time 1774655400000. Skip save.
2026-03-28 22:57:39,389 - root - INFO - Candle already exists for UK100 period 5 time 1774655400000. Skip save.
2026-03-28 22:57:39,389 - root - INFO - Candle already exists for UK100 period 5 time 1774655400000. Skip save.
2026-03-28 22:57:39,952 - root - INFO - Candle already exists for USTEC period 5 time 1774655400000. Skip save.
2026-03-28 22:57:39,952 - root - INFO - Candle already exists for USTEC period 5 time 1774655400000. Skip save.
2026-03-28 22:57:40,490 - root - INFO - Candle already exists for US30 period 5 time 1774655400000. Skip save.
2026-03-28 22:57:40,490 - root - INFO - Candle already exists for US30 period 5 time 1774655400000. Skip save.
2026-03-28 23:00:10,982 - root - INFO - Candle already exists for STOXX50 period 5 time 1774655400000. Skip save.
2026-03-28 23:00:10,982 - root - INFO - Candle already exists for STOXX50 period 5 time 1774655400000. Skip save.
2026-03-28 23:00:11,548 - root - INFO - Candle already exists for UK100 period 5 time 1774655400000. Skip save.
2026-03-28 23:00:11,548 - root - INFO - Candle already exists for UK100 period 5 time 1774655400000. Skip save.
2026-03-28 23:00:12,083 - root - INFO - Candle already exists for USTEC period 5 time 1774655400000. Skip save.
2026-03-28 23:00:12,083 - root - INFO - Candle already exists for USTEC period 5 time 1774655400000. Skip save.
2026-03-28 23:00:12,619 - root - INFO - Candle already exists for US30 period 5 time 1774655400000. Skip save.
2026-03-28 23:00:12,619 - root - INFO - Candle already exists for US30 period 5 time 1774655400000. Skip save.
2026-03-28 23:02:43,166 - root - INFO - Candle already exists for STOXX50 period 5 time 1774655400000. Skip save.
2026-03-28 23:02:43,166 - root - INFO - Candle already exists for STOXX50 period 5 time 1774655400000. Skip save.
2026-03-28 23:02:43,723 - root - INFO - Candle already exists for UK100 period 5 time 1774655400000. Skip save.
2026-03-28 23:02:43,723 - root - INFO - Candle already exists for UK100 period 5 time 1774655400000. Skip save.
2026-03-28 23:02:44,477 - root - INFO - Candle already exists for USTEC period 5 time 1774655400000. Skip save.
2026-03-28 23:02:44,477 - root - INFO - Candle already exists for USTEC period 5 time 1774655400000. Skip save.
2026-03-28 23:02:45,015 - root - INFO - Candle already exists for US30 period 5 time 1774655400000. Skip save.
2026-03-28 23:02:45,015 - root - INFO - Candle already exists for US30 period 5 time 1774655400000. Skip save.
2026-03-28 23:05:15,529 - root - INFO - Candle already exists for STOXX50 period 5 time 1774655400000. Skip save.
2026-03-28 23:05:15,529 - root - INFO - Candle already exists for STOXX50 period 5 time 1774655400000. Skip save.
2026-03-28 23:05:16,080 - root - INFO - Candle already exists for UK100 period 5 time 1774655400000. Skip save.
2026-03-28 23:05:16,080 - root - INFO - Candle already exists for UK100 period 5 time 1774655400000. Skip save.
2026-03-28 23:05:16,582 - root - INFO - Candle already exists for USTEC period 5 time 1774655400000. Skip save.
2026-03-28 23:05:16,582 - root - INFO - Candle already exists for USTEC period 5 time 1774655400000. Skip save.
2026-03-28 23:05:17,123 - root - INFO - Candle already exists for US30 period 5 time 1774655400000. Skip save.
2026-03-28 23:05:17,123 - root - INFO - Candle already exists for US30 period 5 time 1774655400000. Skip save.
2026-03-28 23:07:47,631 - root - INFO - Candle already exists for STOXX50 period 5 time 1774655400000. Skip save.
2026-03-28 23:07:47,631 - root - INFO - Candle already exists for STOXX50 period 5 time 1774655400000. Skip save.
2026-03-28 23:07:48,192 - root - INFO - Candle already exists for UK100 period 5 time 1774655400000. Skip save.
2026-03-28 23:07:48,192 - root - INFO - Candle already exists for UK100 period 5 time 1774655400000. Skip save.
2026-03-28 23:07:48,717 - root - INFO - Candle already exists for USTEC period 5 time 1774655400000. Skip save.
2026-03-28 23:07:48,717 - root - INFO - Candle already exists for USTEC period 5 time 1774655400000. Skip save.
2026-03-28 23:07:49,229 - root - INFO - Candle already exists for US30 period 5 time 1774655400000. Skip save.
2026-03-28 23:07:49,229 - root - INFO - Candle already exists for US30 period 5 time 1774655400000. Skip save.
2026-03-28 23:10:19,752 - root - INFO - Candle already exists for STOXX50 period 5 time 1774655400000. Skip save.
2026-03-28 23:10:19,752 - root - INFO - Candle already exists for STOXX50 period 5 time 1774655400000. Skip save.
2026-03-28 23:10:20,314 - root - INFO - Candle already exists for UK100 period 5 time 1774655400000. Skip save.
2026-03-28 23:10:20,314 - root - INFO - Candle already exists for UK100 period 5 time 1774655400000. Skip save.
2026-03-28 23:10:20,805 - root - INFO - Candle already exists for USTEC period 5 time 1774655400000. Skip save.
2026-03-28 23:10:20,805 - root - INFO - Candle already exists for USTEC period 5 time 1774655400000. Skip save.
2026-03-28 23:10:21,350 - root - INFO - Candle already exists for US30 period 5 time 1774655400000. Skip save.
2026-03-28 23:10:21,350 - root - INFO - Candle already exists for US30 period 5 time 1774655400000. Skip save.
2026-03-28 23:12:51,864 - root - INFO - Candle already exists for STOXX50 period 5 time 1774655400000. Skip save.
2026-03-28 23:12:51,864 - root - INFO - Candle already exists for STOXX50 period 5 time 1774655400000. Skip save.
2026-03-28 23:12:52,418 - root - INFO - Candle already exists for UK100 period 5 time 1774655400000. Skip save.
2026-03-28 23:12:52,418 - root - INFO - Candle already exists for UK100 period 5 time 1774655400000. Skip save.
2026-03-28 23:12:52,910 - root - INFO - Candle already exists for USTEC period 5 time 1774655400000. Skip save.
2026-03-28 23:12:52,910 - root - INFO - Candle already exists for USTEC period 5 time 1774655400000. Skip save.
2026-03-28 23:12:53,444 - root - INFO - Candle already exists for US30 period 5 time 1774655400000. Skip save.
2026-03-28 23:12:53,444 - root - INFO - Candle already exists for US30 period 5 time 1774655400000. Skip save.
2026-03-28 23:15:23,959 - root - INFO - Candle already exists for STOXX50 period 5 time 1774655400000. Skip save.
2026-03-28 23:15:23,959 - root - INFO - Candle already exists for STOXX50 period 5 time 1774655400000. Skip save.
2026-03-28 23:15:24,491 - root - INFO - Candle already exists for UK100 period 5 time 1774655400000. Skip save.
2026-03-28 23:15:24,491 - root - INFO - Candle already exists for UK100 period 5 time 1774655400000. Skip save.
2026-03-28 23:15:24,992 - root - INFO - Candle already exists for USTEC period 5 time 1774655400000. Skip save.
2026-03-28 23:15:24,992 - root - INFO - Candle already exists for USTEC period 5 time 1774655400000. Skip save.
2026-03-28 23:15:25,493 - root - INFO - Candle already exists for US30 period 5 time 1774655400000. Skip save.
2026-03-28 23:15:25,493 - root - INFO - Candle already exists for US30 period 5 time 1774655400000. Skip save.
2026-03-28 23:17:56,011 - root - INFO - Candle already exists for STOXX50 period 5 time 1774655400000. Skip save.
2026-03-28 23:17:56,011 - root - INFO - Candle already exists for STOXX50 period 5 time 1774655400000. Skip save.
2026-03-28 23:21:20,905 - root - INFO - Candle already exists for STOXX50 period 5 time 1774655400000. Skip save.
2026-03-28 23:21:20,905 - root - INFO - Candle already exists for STOXX50 period 5 time 1774655400000. Skip save.
