2024-11-28 08:38:44,871 - jsonSocket - INFO - Socket connected
2024-11-28 08:38:44,878 - jsonSocket - INFO - Sent: b'{"command": "login", "arguments": {"userId": "2470872", "password": "M820824d!", "appName": ""}}'
2024-11-28 08:38:44,981 - jsonSocket - INFO - Received: {'status': True, 'streamSessionId': '005056fffebf4b2c-00000dbc-0044c9cf-da2bb70c572cc377-a933aa74'}
2024-11-28 08:38:44,985 - jsonSocket - INFO - {'status': True, 'streamSessionId': '005056fffebf4b2c-00000dbc-0044c9cf-da2bb70c572cc377-a933aa74'}
2024-11-28 08:38:44,987 - root - INFO - {'status': True, 'streamSessionId': '005056fffebf4b2c-00000dbc-0044c9cf-da2bb70c572cc377-a933aa74'}
2024-11-28 08:39:00,802 - jsonSocket - INFO - Socket connected
2024-11-28 08:39:00,837 - jsonSocket - INFO - Sent: b'{"command": "login", "arguments": {"userId": "2470872", "password": "M820824d!", "appName": ""}}'
2024-11-28 08:39:00,940 - jsonSocket - INFO - Received: {'status': True, 'streamSessionId': '005056fffebf4b2c-00000dbc-0044ca67-81fd8566672c01b4-fa0246b0'}
2024-11-28 08:39:00,941 - jsonSocket - INFO - {'status': True, 'streamSessionId': '005056fffebf4b2c-00000dbc-0044ca67-81fd8566672c01b4-fa0246b0'}
2024-11-28 08:39:00,942 - root - INFO - {'status': True, 'streamSessionId': '005056fffebf4b2c-00000dbc-0044ca67-81fd8566672c01b4-fa0246b0'}
2024-11-28 08:39:41,651 - jsonSocket - INFO - Socket connected
2024-11-28 08:39:41,655 - jsonSocket - INFO - Sent: b'{"command": "login", "arguments": {"userId": "2470872", "password": "M820824d!", "appName": ""}}'
2024-11-28 08:39:41,758 - jsonSocket - INFO - Received: {'status': True, 'streamSessionId': '005056fffebf4b2c-00000dbc-0044cc36-6cafde1f3f2fa146-8acbc5a0'}
2024-11-28 08:39:41,762 - jsonSocket - INFO - {'status': True, 'streamSessionId': '005056fffebf4b2c-00000dbc-0044cc36-6cafde1f3f2fa146-8acbc5a0'}
2024-11-28 08:39:41,769 - root - INFO - {'status': True, 'streamSessionId': '005056fffebf4b2c-00000dbc-0044cc36-6cafde1f3f2fa146-8acbc5a0'}
2024-11-28 08:39:49,879 - jsonSocket - INFO - Sent: b'{"command": "getChartRangeRequest", "arguments": {"info": {"period": "M30", "start": 1732777789, "end": 1732779589, "symbol": "USDJPY"}}}'
2024-11-28 08:39:49,983 - jsonSocket - INFO - Received: {'status': False, 'errorCode': 'INVALID_ARGUMENTS', 'errorDescr': 'Parsing error: Current token (VALUE_STRING) not numeric, can not use numeric value accessors\n at [Source: N/A; line: -1, column: -1]'}
2024-11-28 08:39:49,986 - jsonSocket - ERROR - Failed to fetch candlestick data for USDJPY. Error code: INVALID_ARGUMENTS
2024-11-28 08:58:51,775 - jsonSocket - INFO - Socket connected
2024-11-28 08:58:51,783 - jsonSocket - INFO - Sent: b'{"command": "login", "arguments": {"userId": "2470872", "password": "M820824d!", "appName": ""}}'
2024-11-28 08:58:51,888 - jsonSocket - INFO - Received: {'status': True, 'streamSessionId': '005056fffebf4b2c-00000dbc-0044fb3f-7abb812ccf9e2e19-c21aa86f'}
2024-11-28 08:58:51,891 - jsonSocket - INFO - {'status': True, 'streamSessionId': '005056fffebf4b2c-00000dbc-0044fb3f-7abb812ccf9e2e19-c21aa86f'}
2024-11-28 08:58:51,894 - root - INFO - {'status': True, 'streamSessionId': '005056fffebf4b2c-00000dbc-0044fb3f-7abb812ccf9e2e19-c21aa86f'}
2024-11-28 09:00:11,073 - jsonSocket - INFO - Sent: b'{"command": "getChartRangeRequest", "arguments": {"info": {"period": "M30", "start": 1732779011, "end": 1732780811, "symbol": "USDJPY"}}}'
2024-11-28 09:00:11,179 - jsonSocket - INFO - Received: {'status': False, 'errorCode': 'INVALID_ARGUMENTS', 'errorDescr': 'Parsing error: Current token (VALUE_STRING) not numeric, can not use numeric value accessors\n at [Source: N/A; line: -1, column: -1]'}
2024-11-28 09:00:11,182 - jsonSocket - ERROR - Failed to fetch candlestick data for USDJPY. Error code: INVALID_ARGUMENTS
2024-11-28 09:12:38,894 - jsonSocket - INFO - Socket connected
2024-11-28 09:12:38,897 - jsonSocket - INFO - Sent: b'{"command": "login", "arguments": {"userId": "2470872", "password": "M820824d!", "appName": ""}}'
2024-11-28 09:12:39,000 - jsonSocket - INFO - Received: {'status': True, 'streamSessionId': '005056fffebf4b2c-00000dbc-00451c4d-e99072da0d0dcd24-715672e8'}
2024-11-28 09:12:39,002 - jsonSocket - INFO - {'status': True, 'streamSessionId': '005056fffebf4b2c-00000dbc-00451c4d-e99072da0d0dcd24-715672e8'}
2024-11-28 09:12:39,003 - root - INFO - {'status': True, 'streamSessionId': '005056fffebf4b2c-00000dbc-00451c4d-e99072da0d0dcd24-715672e8'}
2024-11-28 09:13:12,974 - jsonSocket - INFO - Sent: b'{"command": "getChartRangeRequest", "arguments": {"info": {"period": "M30", "start": 1732779761, "end": 1732781561, "symbol": "USDJPY"}}}'
2024-11-28 09:13:13,079 - jsonSocket - INFO - Received: {'status': False, 'errorCode': 'INVALID_ARGUMENTS', 'errorDescr': 'Parsing error: Current token (VALUE_STRING) not numeric, can not use numeric value accessors\n at [Source: N/A; line: -1, column: -1]'}
2024-11-28 09:13:13,082 - jsonSocket - ERROR - Failed to fetch candlestick data for USDJPY. Error code: INVALID_ARGUMENTS
2024-11-28 09:13:27,486 - jsonSocket - INFO - Socket connected
2024-11-28 09:13:27,496 - jsonSocket - INFO - Sent: b'{"command": "login", "arguments": {"userId": "2470872", "password": "M820824d!", "appName": ""}}'
2024-11-28 09:13:27,601 - jsonSocket - INFO - Received: {'status': True, 'streamSessionId': '005056fffebf4b2c-00000dbc-00451e20-71ab7d54e30c8af6-ed812543'}
2024-11-28 09:13:27,604 - jsonSocket - INFO - {'status': True, 'streamSessionId': '005056fffebf4b2c-00000dbc-00451e20-71ab7d54e30c8af6-ed812543'}
2024-11-28 09:13:27,610 - root - INFO - {'status': True, 'streamSessionId': '005056fffebf4b2c-00000dbc-00451e20-71ab7d54e30c8af6-ed812543'}
2024-11-28 09:13:39,316 - jsonSocket - INFO - Sent: b'{"command": "getChartRangeRequest", "arguments": {"info": {"period": "M30", "start": 1732779809, "end": 1732781609, "symbol": "USDJPY"}}}'
2024-11-28 09:13:39,421 - jsonSocket - INFO - Received: {'status': False, 'errorCode': 'INVALID_ARGUMENTS', 'errorDescr': 'Parsing error: Current token (VALUE_STRING) not numeric, can not use numeric value accessors\n at [Source: N/A; line: -1, column: -1]'}
2024-11-28 09:22:09,881 - jsonSocket - INFO - Socket connected
2024-11-28 09:22:09,886 - jsonSocket - INFO - Sent: b'{"command": "login", "arguments": {"userId": "2470872", "password": "M820824d!", "appName": ""}}'
2024-11-28 09:22:09,989 - jsonSocket - INFO - Received: {'status': True, 'streamSessionId': '005056fffebf4b2c-00000dbc-00453209-09de5f32b20483a3-61bbcb36'}
2024-11-28 09:22:09,992 - jsonSocket - INFO - {'status': True, 'streamSessionId': '005056fffebf4b2c-00000dbc-00453209-09de5f32b20483a3-61bbcb36'}
2024-11-28 09:22:09,995 - root - INFO - {'status': True, 'streamSessionId': '005056fffebf4b2c-00000dbc-00453209-09de5f32b20483a3-61bbcb36'}
2024-11-28 09:22:54,449 - jsonSocket - INFO - Socket connected
2024-11-28 09:22:54,458 - jsonSocket - INFO - Sent: b'{"command": "login", "arguments": {"userId": "2470872", "password": "M820824d!", "appName": ""}}'
2024-11-28 09:22:54,562 - jsonSocket - INFO - Received: {'status': True, 'streamSessionId': '005056fffebf4b2c-00000dbc-0045338b-29564e34c20431bb-479fab5a'}
2024-11-28 09:22:54,564 - jsonSocket - INFO - {'status': True, 'streamSessionId': '005056fffebf4b2c-00000dbc-0045338b-29564e34c20431bb-479fab5a'}
2024-11-28 09:22:54,565 - root - INFO - {'status': True, 'streamSessionId': '005056fffebf4b2c-00000dbc-0045338b-29564e34c20431bb-479fab5a'}
2024-11-28 09:22:58,454 - jsonSocket - INFO - Sent: b'{"command": "getChartRangeRequest", "arguments": {"info": {"period": 1800, "start": 1732780376, "end": 1732782176, "symbol": "USDJPY"}}}'
2024-11-28 09:22:58,559 - jsonSocket - INFO - Received: {'status': False, 'errorCode': 'EX000', 'errorDescr': 'Invalid parameters'}
2024-11-28 09:23:41,943 - jsonSocket - ERROR - Failed to fetch candlestick data for USDJPY. Error code: EX000
2024-11-28 09:29:38,860 - jsonSocket - INFO - Socket connected
2024-11-28 09:29:38,871 - jsonSocket - INFO - Sent: b'{"command": "login", "arguments": {"userId": "2470872", "password": "M820824d!", "appName": ""}}'
2024-11-28 09:29:38,976 - jsonSocket - INFO - Received: {'status': True, 'streamSessionId': '005056fffebf4b2c-00000dbc-00454222-b9f8706345da5d84-2dff99d8'}
2024-11-28 09:29:38,979 - jsonSocket - INFO - {'status': True, 'streamSessionId': '005056fffebf4b2c-00000dbc-00454222-b9f8706345da5d84-2dff99d8'}
2024-11-28 09:29:38,982 - root - INFO - {'status': True, 'streamSessionId': '005056fffebf4b2c-00000dbc-00454222-b9f8706345da5d84-2dff99d8'}
2024-11-28 09:38:52,056 - jsonSocket - INFO - Socket connected
2024-11-28 09:38:52,064 - jsonSocket - INFO - Sent: b'{"command": "login", "arguments": {"userId": "2470872", "password": "M820824d!", "appName": ""}}'
2024-11-28 09:38:52,169 - jsonSocket - INFO - Received: {'status': True, 'streamSessionId': '005056fffebf4b2c-00000dbc-00455626-bc4b0c2844d5ce82-5108422f'}
2024-11-28 09:38:52,171 - jsonSocket - INFO - {'status': True, 'streamSessionId': '005056fffebf4b2c-00000dbc-00455626-bc4b0c2844d5ce82-5108422f'}
2024-11-28 09:38:52,176 - root - INFO - {'status': True, 'streamSessionId': '005056fffebf4b2c-00000dbc-00455626-bc4b0c2844d5ce82-5108422f'}
2024-11-28 09:40:49,173 - jsonSocket - INFO - Socket connected
2024-11-28 09:40:49,181 - jsonSocket - INFO - Sent: b'{"command": "login", "arguments": {"userId": "2470872", "password": "M820824d!", "appName": ""}}'
2024-11-28 09:40:49,286 - jsonSocket - INFO - Received: {'status': True, 'streamSessionId': '005056fffebf4b2c-00000dbc-00455aed-9d6464d762d79803-fba86971'}
2024-11-28 09:40:49,288 - jsonSocket - INFO - {'status': True, 'streamSessionId': '005056fffebf4b2c-00000dbc-00455aed-9d6464d762d79803-fba86971'}
2024-11-28 09:40:49,290 - root - INFO - {'status': True, 'streamSessionId': '005056fffebf4b2c-00000dbc-00455aed-9d6464d762d79803-fba86971'}
2024-11-28 09:41:17,727 - jsonSocket - ERROR - Error fetching candlestick data for USDJPY: Object of type Period is not JSON serializable
2024-11-28 09:41:25,919 - jsonSocket - INFO - Socket connected
2024-11-28 09:41:25,923 - jsonSocket - INFO - Sent: b'{"command": "login", "arguments": {"userId": "2470872", "password": "M820824d!", "appName": ""}}'
2024-11-28 09:41:26,025 - jsonSocket - INFO - Received: {'status': True, 'streamSessionId': '005056fffebf4b2c-00000dbc-00455c5e-e779011e7ad7278f-933cadf5'}
2024-11-28 09:41:26,028 - jsonSocket - INFO - {'status': True, 'streamSessionId': '005056fffebf4b2c-00000dbc-00455c5e-e779011e7ad7278f-933cadf5'}
2024-11-28 09:41:26,034 - root - INFO - {'status': True, 'streamSessionId': '005056fffebf4b2c-00000dbc-00455c5e-e779011e7ad7278f-933cadf5'}
2024-11-28 09:42:08,546 - jsonSocket - INFO - Socket connected
2024-11-28 09:42:08,554 - jsonSocket - INFO - Sent: b'{"command": "login", "arguments": {"userId": "2470872", "password": "M820824d!", "appName": ""}}'
2024-11-28 09:42:08,659 - jsonSocket - INFO - Received: {'status': True, 'streamSessionId': '005056fffebf4b2c-00000dbc-00455dcd-f8de862a2ad6ce14-a1e3fb90'}
2024-11-28 09:42:08,662 - jsonSocket - INFO - {'status': True, 'streamSessionId': '005056fffebf4b2c-00000dbc-00455dcd-f8de862a2ad6ce14-a1e3fb90'}
2024-11-28 09:42:08,664 - root - INFO - {'status': True, 'streamSessionId': '005056fffebf4b2c-00000dbc-00455dcd-f8de862a2ad6ce14-a1e3fb90'}
2024-11-28 09:42:19,870 - jsonSocket - INFO - Sent: b'{"command": "getChartRangeRequest", "arguments": {"info": {"period": 30, "start": 1732781533, "end": 1732783333, "symbol": "USDJPY"}}}'
2024-11-28 09:42:19,974 - jsonSocket - INFO - Received: {'status': True, 'returnData': {'rateInfos': [], 'digits': 3, 'exemode': 1}}
2024-11-28 09:44:35,109 - matplotlib.font_manager - INFO - generated new fontManager
2024-11-28 09:48:35,410 - jsonSocket - INFO - Socket connected
2024-11-28 09:48:35,415 - jsonSocket - INFO - Sent: b'{"command": "login", "arguments": {"userId": "2470872", "password": "M820824d!", "appName": ""}}'
2024-11-28 09:48:35,518 - jsonSocket - INFO - Received: {'status': True, 'streamSessionId': '005056fffebf4b2c-00000dbc-00456bca-3e6fef1e5d4cb550-6a7d967b'}
2024-11-28 09:48:35,519 - jsonSocket - INFO - {'status': True, 'streamSessionId': '005056fffebf4b2c-00000dbc-00456bca-3e6fef1e5d4cb550-6a7d967b'}
2024-11-28 09:48:35,521 - root - INFO - {'status': True, 'streamSessionId': '005056fffebf4b2c-00000dbc-00456bca-3e6fef1e5d4cb550-6a7d967b'}
2024-11-28 09:48:57,472 - jsonSocket - INFO - Sent: b'{"command": "getChartRangeRequest", "arguments": {"info": {"period": 1, "start": 1732783664, "end": 1732783724, "symbol": "USDJPY"}}}'
2024-11-28 09:48:57,577 - jsonSocket - INFO - Received: {'status': True, 'returnData': {'rateInfos': [], 'digits': 3, 'exemode': 1}}
2024-11-28 09:50:13,724 - jsonSocket - INFO - Socket connected
2024-11-28 09:50:13,732 - jsonSocket - INFO - Sent: b'{"command": "login", "arguments": {"userId": "2470872", "password": "M820824d!", "appName": ""}}'
2024-11-28 09:50:13,836 - jsonSocket - INFO - Received: {'status': True, 'streamSessionId': '005056fffebf4b2c-00000dbc-00456f71-aa74f83aa34f355d-0031b096'}
2024-11-28 09:50:13,837 - jsonSocket - INFO - {'status': True, 'streamSessionId': '005056fffebf4b2c-00000dbc-00456f71-aa74f83aa34f355d-0031b096'}
2024-11-28 09:50:13,838 - root - INFO - {'status': True, 'streamSessionId': '005056fffebf4b2c-00000dbc-00456f71-aa74f83aa34f355d-0031b096'}
2024-11-28 09:50:20,523 - jsonSocket - INFO - Sent: b'{"command": "getChartRangeRequest", "arguments": {"info": {"period": 1, "start": 1732783756, "end": 1732783816, "symbol": "USDJPY"}}}'
2024-11-28 09:50:20,627 - jsonSocket - INFO - Received: {'status': True, 'returnData': {'rateInfos': [], 'digits': 3, 'exemode': 1}}
2024-11-28 09:57:58,003 - jsonSocket - INFO - Socket connected
2024-11-28 09:57:58,010 - jsonSocket - INFO - Sent: b'{"command": "login", "arguments": {"userId": "2470872", "password": "M820824d!", "appName": ""}}'
2024-11-28 09:57:58,114 - jsonSocket - INFO - Received: {'status': True, 'streamSessionId': '005056fffebf4b2c-00000dbc-00457fcf-10205c669c444b03-0b654db7'}
2024-11-28 09:57:58,117 - jsonSocket - INFO - {'status': True, 'streamSessionId': '005056fffebf4b2c-00000dbc-00457fcf-10205c669c444b03-0b654db7'}
2024-11-28 09:57:58,120 - root - INFO - {'status': True, 'streamSessionId': '005056fffebf4b2c-00000dbc-00457fcf-10205c669c444b03-0b654db7'}
2024-11-28 09:58:06,131 - jsonSocket - INFO - Sent: b'{"command": "getChartRangeRequest", "arguments": {"info": {"period": 1, "start": 1732784221, "end": 1732784281, "symbol": "USDJPY"}}}'
2024-11-28 09:58:06,236 - jsonSocket - INFO - Received: {'status': True, 'returnData': {'rateInfos': [], 'digits': 3, 'exemode': 1}}
2024-11-28 10:03:31,591 - jsonSocket - INFO - Socket connected
2024-11-28 10:03:31,599 - jsonSocket - INFO - Sent: b'{"command": "login", "arguments": {"userId": "2470872", "password": "M820824d!", "appName": ""}}'
2024-11-28 10:03:31,704 - jsonSocket - INFO - Received: {'status': True, 'streamSessionId': '005056fffebf4b2c-00000dbc-00458cd2-aef11249d27b6222-a6287842'}
2024-11-28 10:03:31,707 - jsonSocket - INFO - {'status': True, 'streamSessionId': '005056fffebf4b2c-00000dbc-00458cd2-aef11249d27b6222-a6287842'}
2024-11-28 10:03:31,709 - root - INFO - {'status': True, 'streamSessionId': '005056fffebf4b2c-00000dbc-00458cd2-aef11249d27b6222-a6287842'}
2024-11-28 10:03:49,093 - jsonSocket - INFO - Sent: b'{"command": "getChartRangeRequest", "arguments": {"info": {"period": 1, "start": 1732784554, "end": 1732784614, "symbol": "USDJPY"}}}'
2024-11-28 10:03:49,196 - jsonSocket - INFO - Received: {'status': True, 'returnData': {'rateInfos': [], 'digits': 3, 'exemode': 1}}
2024-11-28 11:09:59,753 - jsonSocket - INFO - Socket connected
2024-11-28 11:09:59,757 - jsonSocket - INFO - Sent: b'{"command": "login", "arguments": {"userId": "2470872", "password": "M820824d!", "appName": ""}}'
2024-11-28 11:09:59,859 - jsonSocket - INFO - Received: {'status': True, 'streamSessionId': '005056fffebf4b2c-00000dbc-00462911-d8df013cd7ba3d6e-40169c09'}
2024-11-28 11:09:59,860 - jsonSocket - INFO - {'status': True, 'streamSessionId': '005056fffebf4b2c-00000dbc-00462911-d8df013cd7ba3d6e-40169c09'}
2024-11-28 11:09:59,861 - root - INFO - {'status': True, 'streamSessionId': '005056fffebf4b2c-00000dbc-00462911-d8df013cd7ba3d6e-40169c09'}
2024-11-28 11:10:10,139 - jsonSocket - INFO - Sent: b'{"command": "getChartLastRequest", "arguments": {"info": {"period": 1, "start": 1732788543, "symbol": "USDJPY"}}}'
2024-11-28 11:10:10,242 - jsonSocket - INFO - Received: {'status': False, 'errorCode': 'EX009', 'errorDescr': 'Data limit potentially exceeded. Please narrow your request range.'}
2024-11-28 11:10:10,243 - jsonSocket - ERROR - Failed to fetch the most recent candlestick data for USDJPY. Error code: EX009
2024-11-28 11:12:21,912 - jsonSocket - INFO - Socket connected
2024-11-28 11:12:21,919 - jsonSocket - INFO - Sent: b'{"command": "login", "arguments": {"userId": "2470872", "password": "M820824d!", "appName": ""}}'
2024-11-28 11:12:22,023 - jsonSocket - INFO - Received: {'status': True, 'streamSessionId': '005056fffebf4b2c-00000dbc-00462e32-862b57e391c468bf-b6dab94a'}
2024-11-28 11:12:22,024 - jsonSocket - INFO - {'status': True, 'streamSessionId': '005056fffebf4b2c-00000dbc-00462e32-862b57e391c468bf-b6dab94a'}
2024-11-28 11:12:22,026 - root - INFO - {'status': True, 'streamSessionId': '005056fffebf4b2c-00000dbc-00462e32-862b57e391c468bf-b6dab94a'}
2024-11-28 11:12:40,340 - jsonSocket - INFO - Sent: b'{"command": "getChartLastRequest", "arguments": {"info": {"period": 1, "start": 1732788686, "symbol": "USDJPY"}}}'
2024-11-28 11:12:40,444 - jsonSocket - INFO - Received: {'status': False, 'errorCode': 'EX009', 'errorDescr': 'Data limit potentially exceeded. Please narrow your request range.'}
2024-11-28 11:36:16,325 - jsonSocket - INFO - Socket connected
2024-11-28 11:36:16,334 - jsonSocket - INFO - Sent: b'{"command": "login", "arguments": {"userId": "2470872", "password": "M820824d!", "appName": ""}}'
2024-11-28 11:36:16,437 - jsonSocket - INFO - Received: {'status': True, 'streamSessionId': '005056fffebf4b2c-00000dbc-004661e9-885c9ec3da924c1c-2f38b833'}
2024-11-28 11:36:16,439 - jsonSocket - INFO - {'status': True, 'streamSessionId': '005056fffebf4b2c-00000dbc-004661e9-885c9ec3da924c1c-2f38b833'}
2024-11-28 11:36:16,441 - root - INFO - {'status': True, 'streamSessionId': '005056fffebf4b2c-00000dbc-004661e9-885c9ec3da924c1c-2f38b833'}
2024-11-28 11:42:13,704 - jsonSocket - INFO - Socket connected
2024-11-28 11:42:13,708 - jsonSocket - INFO - Sent: b'{"command": "login", "arguments": {"userId": "2470872", "password": "M820824d!", "appName": ""}}'
2024-11-28 11:42:13,810 - jsonSocket - INFO - Received: {'status': True, 'streamSessionId': '005056fffebf4b2c-00000dbc-00466d87-874323116498c02d-f4816dda'}
2024-11-28 11:42:13,814 - jsonSocket - INFO - {'status': True, 'streamSessionId': '005056fffebf4b2c-00000dbc-00466d87-874323116498c02d-f4816dda'}
2024-11-28 11:42:13,815 - root - INFO - {'status': True, 'streamSessionId': '005056fffebf4b2c-00000dbc-00466d87-874323116498c02d-f4816dda'}
2024-11-28 11:44:08,561 - jsonSocket - INFO - Sent: b'{"command": "getChartLastRequest", "arguments": {"info": {"period": 1, "start": 1732790488, "symbol": "USDJPY"}}}'
2024-11-28 11:44:08,666 - jsonSocket - INFO - Received: {'status': False, 'errorCode': 'EX009', 'errorDescr': 'Data limit potentially exceeded. Please narrow your request range.'}
2024-11-28 11:44:52,113 - jsonSocket - ERROR - Failed to fetch the most recent candlestick data for USDJPY. Error code: EX009
2024-11-28 12:07:07,688 - jsonSocket - INFO - Socket connected
2024-11-28 12:07:07,696 - jsonSocket - INFO - Sent: b'{"command": "login", "arguments": {"userId": "2470872", "password": "M820824d!", "appName": ""}}'
2024-11-28 12:07:07,800 - jsonSocket - INFO - Received: {'status': True, 'streamSessionId': '005056fffebf4b2c-00000dbc-0046a02e-833fa8ab51518c3e-bae56311'}
2024-11-28 12:07:07,806 - jsonSocket - INFO - {'status': True, 'streamSessionId': '005056fffebf4b2c-00000dbc-0046a02e-833fa8ab51518c3e-bae56311'}
2024-11-28 12:07:07,810 - root - INFO - {'status': True, 'streamSessionId': '005056fffebf4b2c-00000dbc-0046a02e-833fa8ab51518c3e-bae56311'}
2024-11-28 12:17:55,913 - jsonSocket - INFO - Sent: b'{"command": "getChartLastRequest", "arguments": {"info": {"period": 1, "start": 1732792673, "symbol": "USDJPY"}}}'
2024-11-28 12:17:56,016 - jsonSocket - INFO - Received: {'status': False, 'errorCode': 'EX009', 'errorDescr': 'Data limit potentially exceeded. Please narrow your request range.'}
2024-11-28 12:18:19,661 - jsonSocket - ERROR - Failed to fetch the most recent candlestick data for USDJPY. Error code: EX009
2024-11-28 12:28:08,522 - jsonSocket - INFO - Socket connected
2024-11-28 12:28:08,530 - jsonSocket - INFO - Sent: b'{"command": "login", "arguments": {"userId": "2470872", "password": "M820824d!", "appName": ""}}'
2024-11-28 12:28:08,637 - jsonSocket - INFO - Received: {'status': True, 'streamSessionId': '005056fffebf4b2c-00000dbc-0046cc87-9c6b38e6e522c98a-54e00184'}
2024-11-28 12:28:08,640 - jsonSocket - INFO - {'status': True, 'streamSessionId': '005056fffebf4b2c-00000dbc-0046cc87-9c6b38e6e522c98a-54e00184'}
2024-11-28 12:28:08,644 - root - INFO - {'status': True, 'streamSessionId': '005056fffebf4b2c-00000dbc-0046cc87-9c6b38e6e522c98a-54e00184'}
2024-11-28 12:29:25,473 - jsonSocket - INFO - Socket connected
2024-11-28 12:29:25,476 - jsonSocket - INFO - Sent: b'{"command": "login", "arguments": {"userId": "2470872", "password": "M820824d!", "appName": ""}}'
2024-11-28 12:29:25,584 - jsonSocket - INFO - Received: {'status': True, 'streamSessionId': '005056fffebf4b2c-00000dbc-0046cf1b-12b5570aad2df624-438e16ba'}
2024-11-28 12:29:25,585 - jsonSocket - INFO - {'status': True, 'streamSessionId': '005056fffebf4b2c-00000dbc-0046cf1b-12b5570aad2df624-438e16ba'}
2024-11-28 12:29:25,586 - root - INFO - {'status': True, 'streamSessionId': '005056fffebf4b2c-00000dbc-0046cf1b-12b5570aad2df624-438e16ba'}
2024-11-28 12:30:26,059 - jsonSocket - INFO - Socket connected
2024-11-28 12:30:26,067 - jsonSocket - INFO - Sent: b'{"command": "login", "arguments": {"userId": "2470872", "password": "M820824d!", "appName": ""}}'
2024-11-28 12:30:26,170 - jsonSocket - INFO - Received: {'status': True, 'streamSessionId': '005056fffebf4b2c-00000dbc-0046d18f-1a9502bee2ece2d0-930b91d7'}
2024-11-28 12:30:26,173 - jsonSocket - INFO - {'status': True, 'streamSessionId': '005056fffebf4b2c-00000dbc-0046d18f-1a9502bee2ece2d0-930b91d7'}
2024-11-28 12:30:26,175 - root - INFO - {'status': True, 'streamSessionId': '005056fffebf4b2c-00000dbc-0046d18f-1a9502bee2ece2d0-930b91d7'}
2024-11-28 12:30:36,368 - jsonSocket - INFO - Sent: b'{"command": "getChartLastRequest", "arguments": {"info": {"period": 1, "start": 1732793370, "symbol": "USDJPY"}}}'
2024-11-28 12:30:36,470 - jsonSocket - INFO - Received: {'status': False, 'errorCode': 'EX009', 'errorDescr': 'Data limit potentially exceeded. Please narrow your request range.'}
2024-11-28 12:33:53,420 - jsonSocket - INFO - Socket connected
2024-11-28 12:33:53,424 - jsonSocket - INFO - Sent: b'{"command": "login", "arguments": {"userId": "2470872", "password": "M820824d!", "appName": ""}}'
2024-11-28 12:33:53,527 - jsonSocket - INFO - Received: {'status': True, 'streamSessionId': '005056fffebf4b2c-00000dbc-0046d81d-600d0eaceee90cd9-cd40a0d6'}
2024-11-28 12:33:53,528 - jsonSocket - INFO - {'status': True, 'streamSessionId': '005056fffebf4b2c-00000dbc-0046d81d-600d0eaceee90cd9-cd40a0d6'}
2024-11-28 12:33:53,530 - root - INFO - {'status': True, 'streamSessionId': '005056fffebf4b2c-00000dbc-0046d81d-600d0eaceee90cd9-cd40a0d6'}
2024-11-28 12:34:16,815 - jsonSocket - INFO - Sent: b'{"command": "getChartLastRequest", "arguments": {"info": {"period": 1, "start": 6238056931200, "symbol": "USDJPY"}}}'
2024-11-28 12:34:16,917 - jsonSocket - INFO - Received: {'status': True, 'returnData': {'rateInfos': [{'ctm': 1732793640000, 'ctmString': 'Nov 28, 2024, 12:34:00 PM', 'open': 151847.0, 'close': 27.0, 'high': 27.0, 'low': 0.0, 'vol': 27.0}], 'digits': 3, 'exemode': 1}}
2024-11-28 12:43:47,969 - jsonSocket - INFO - Socket connected
2024-11-28 12:43:47,972 - jsonSocket - INFO - Sent: b'{"command": "login", "arguments": {"userId": "2470872", "password": "M820824d!", "appName": ""}}'
2024-11-28 12:43:48,076 - jsonSocket - INFO - Received: {'status': True, 'streamSessionId': '005056fffebf4b2c-00000dbc-0046ebed-3761de4551f01f62-87d039c4'}
2024-11-28 12:43:48,080 - jsonSocket - INFO - {'status': True, 'streamSessionId': '005056fffebf4b2c-00000dbc-0046ebed-3761de4551f01f62-87d039c4'}
2024-11-28 12:43:48,082 - root - INFO - {'status': True, 'streamSessionId': '005056fffebf4b2c-00000dbc-0046ebed-3761de4551f01f62-87d039c4'}
2024-11-28 12:44:12,558 - jsonSocket - INFO - Sent: b'{"command": "getChartLastRequest", "arguments": {"info": {"period": 1, "start": 6238059084000, "symbol": "USDJPY"}}}'
2024-11-28 12:44:12,665 - jsonSocket - INFO - Received: {'status': True, 'returnData': {'rateInfos': [{'ctm': 1732794240000, 'ctmString': 'Nov 28, 2024, 12:44:00 PM', 'open': 151866.0, 'close': -13.0, 'high': 0.0, 'low': -13.0, 'vol': 21.0}], 'digits': 3, 'exemode': 1}}
2024-11-28 12:45:24,976 - jsonSocket - INFO - Socket connected
2024-11-28 12:45:24,980 - jsonSocket - INFO - Sent: b'{"command": "login", "arguments": {"userId": "2470872", "password": "M820824d!", "appName": ""}}'
2024-11-28 12:45:25,085 - jsonSocket - INFO - Received: {'status': True, 'streamSessionId': '005056fffebf4b2c-00000dbc-0046ef41-570363d3a9f29a55-d3163f3c'}
2024-11-28 12:45:25,087 - jsonSocket - INFO - {'status': True, 'streamSessionId': '005056fffebf4b2c-00000dbc-0046ef41-570363d3a9f29a55-d3163f3c'}
2024-11-28 12:45:25,089 - root - INFO - {'status': True, 'streamSessionId': '005056fffebf4b2c-00000dbc-0046ef41-570363d3a9f29a55-d3163f3c'}
2024-11-28 12:45:28,700 - jsonSocket - INFO - Sent: b'{"command": "getChartLastRequest", "arguments": {"info": {"period": 1, "start": 6238059364800, "symbol": "USDJPY"}}}'
2024-11-28 12:45:28,803 - jsonSocket - INFO - Received: {'status': True, 'returnData': {'rateInfos': [{'ctm': 1732794300000, 'ctmString': 'Nov 28, 2024, 12:45:00 PM', 'open': 151853.0, 'close': 9.0, 'high': 9.0, 'low': -2.0, 'vol': 18.0}], 'digits': 3, 'exemode': 1}}
2024-11-28 12:47:02,085 - jsonSocket - INFO - Socket connected
2024-11-28 12:47:02,088 - jsonSocket - INFO - Sent: b'{"command": "login", "arguments": {"userId": "2470872", "password": "M820824d!", "appName": ""}}'
2024-11-28 12:47:02,198 - jsonSocket - INFO - Received: {'status': True, 'streamSessionId': '005056fffebf4b2c-00000dbc-0046f212-731d58eafdfd15ad-e35293e4'}
2024-11-28 12:47:02,203 - jsonSocket - INFO - {'status': True, 'streamSessionId': '005056fffebf4b2c-00000dbc-0046f212-731d58eafdfd15ad-e35293e4'}
2024-11-28 12:47:02,205 - root - INFO - {'status': True, 'streamSessionId': '005056fffebf4b2c-00000dbc-0046f212-731d58eafdfd15ad-e35293e4'}
2024-11-28 12:47:07,067 - jsonSocket - INFO - Sent: b'{"command": "getChartLastRequest", "arguments": {"info": {"period": 1, "start": 6238059717600, "symbol": "USDJPY"}}}'
2024-11-28 12:47:07,172 - jsonSocket - INFO - Received: {'status': True, 'returnData': {'rateInfos': [{'ctm': 1732794420000, 'ctmString': 'Nov 28, 2024, 12:47:00 PM', 'open': 151853.0, 'close': -1.0, 'high': 0.0, 'low': -1.0, 'vol': 0.0}], 'digits': 3, 'exemode': 1}}
2024-11-28 13:09:16,498 - jsonSocket - INFO - Socket connected
2024-11-28 13:09:16,505 - jsonSocket - INFO - Sent: b'{"command": "login", "arguments": {"userId": "2470872", "password": "M820824d!", "appName": ""}}'
2024-11-28 13:09:16,609 - jsonSocket - INFO - Received: {'status': True, 'streamSessionId': '005056fffebf4b2c-00000dbc-00471d64-227367d966b97265-86f41981'}
2024-11-28 13:09:16,611 - jsonSocket - INFO - {'status': True, 'streamSessionId': '005056fffebf4b2c-00000dbc-00471d64-227367d966b97265-86f41981'}
2024-11-28 13:09:16,613 - root - INFO - {'status': True, 'streamSessionId': '005056fffebf4b2c-00000dbc-00471d64-227367d966b97265-86f41981'}
2024-11-28 13:09:20,563 - jsonSocket - INFO - Sent: b'{"command": "getChartLastRequest", "arguments": {"info": {"period": 1, "start": 6238064516400, "symbol": "USDJPY"}}}'
2024-11-28 13:09:20,667 - jsonSocket - INFO - Received: {'status': True, 'returnData': {'rateInfos': [{'ctm': 1732795740000, 'ctmString': 'Nov 28, 2024, 1:09:00 PM', 'open': 151808.0, 'close': 17.0, 'high': 17.0, 'low': 0.0, 'vol': 66.0}], 'digits': 3, 'exemode': 1}}
2024-11-28 13:55:47,655 - jsonSocket - INFO - Sent: b'{"command": "getChartLastRequest", "arguments": {"info": {"period": 1, "start": 6238074549600, "symbol": "USDJPY"}}}'
2024-11-28 13:55:57,763 - jsonSocket - ERROR - Error fetching the most recent candlestick data for USDJPY: The read operation timed out
2024-11-28 14:17:54,253 - jsonSocket - INFO - Socket connected
2024-11-28 14:17:54,261 - jsonSocket - INFO - Sent: b'{"command": "login", "arguments": {"userId": "2470872", "password": "M820824d!", "appName": ""}}'
2024-11-28 14:17:54,365 - jsonSocket - INFO - Received: {'status': True, 'streamSessionId': '005056fffebf4b2c-00000dbc-0047ad87-14b3e18b953e47eb-5f2801be'}
2024-11-28 14:17:54,368 - jsonSocket - INFO - {'status': True, 'streamSessionId': '005056fffebf4b2c-00000dbc-0047ad87-14b3e18b953e47eb-5f2801be'}
2024-11-28 14:17:54,370 - root - INFO - {'status': True, 'streamSessionId': '005056fffebf4b2c-00000dbc-0047ad87-14b3e18b953e47eb-5f2801be'}
2024-11-28 14:18:05,192 - jsonSocket - INFO - Sent: b'{"command": "getChartLastRequest", "arguments": {"info": {"period": 1, "start": 6238079370000, "symbol": "USDJPY"}}}'
2024-11-28 14:18:05,296 - jsonSocket - INFO - Received: {'status': True, 'returnData': {'rateInfos': [{'ctm': 1732799880000, 'ctmString': 'Nov 28, 2024, 2:18:00 PM', 'open': 151696.0, 'close': -3.0, 'high': 0.0, 'low': -3.0, 'vol': 0.0}], 'digits': 3, 'exemode': 1}}
2024-11-28 14:19:13,897 - jsonSocket - INFO - Socket connected
2024-11-28 14:19:13,901 - jsonSocket - INFO - Sent: b'{"command": "login", "arguments": {"userId": "2470872", "password": "M820824d!", "appName": ""}}'
2024-11-28 14:19:14,006 - jsonSocket - INFO - Received: {'status': True, 'streamSessionId': '005056fffebf4b2c-00000dbc-0047b0d1-57e16756ed397f0b-494d7675'}
2024-11-28 14:19:14,007 - jsonSocket - INFO - {'status': True, 'streamSessionId': '005056fffebf4b2c-00000dbc-0047b0d1-57e16756ed397f0b-494d7675'}
2024-11-28 14:19:14,008 - root - INFO - {'status': True, 'streamSessionId': '005056fffebf4b2c-00000dbc-0047b0d1-57e16756ed397f0b-494d7675'}
2024-11-28 14:19:14,121 - jsonSocket - INFO - Sent: b'{"command": "getChartLastRequest", "arguments": {"info": {"period": 1, "start": 6238079618400, "symbol": "USDJPY"}}}'
2024-11-28 14:19:14,225 - jsonSocket - INFO - Received: {'status': True, 'returnData': {'rateInfos': [{'ctm': 1732799940000, 'ctmString': 'Nov 28, 2024, 2:19:00 PM', 'open': 151704.0, 'close': 1.0, 'high': 1.0, 'low': -4.0, 'vol': 13.0}], 'digits': 3, 'exemode': 1}}
2024-11-28 14:19:20,058 - jsonSocket - INFO - Socket connected
2024-11-28 14:19:20,062 - jsonSocket - INFO - Sent: b'{"command": "login", "arguments": {"userId": "2470872", "password": "M820824d!", "appName": ""}}'
2024-11-28 14:19:20,167 - jsonSocket - INFO - Received: {'status': True, 'streamSessionId': '005056fffebf4b2c-00000dbc-0047b105-b70ba2dbad38971e-d0e5dc65'}
2024-11-28 14:19:20,169 - jsonSocket - INFO - {'status': True, 'streamSessionId': '005056fffebf4b2c-00000dbc-0047b105-b70ba2dbad38971e-d0e5dc65'}
2024-11-28 14:19:20,172 - root - INFO - {'status': True, 'streamSessionId': '005056fffebf4b2c-00000dbc-0047b105-b70ba2dbad38971e-d0e5dc65'}
2024-11-28 14:19:20,422 - jsonSocket - INFO - Sent: b'{"command": "getChartLastRequest", "arguments": {"info": {"period": 1, "start": 6238079640000, "symbol": "USDJPY"}}}'
2024-11-28 14:19:20,526 - jsonSocket - INFO - Received: {'status': True, 'returnData': {'rateInfos': [{'ctm': 1732799940000, 'ctmString': 'Nov 28, 2024, 2:19:00 PM', 'open': 151704.0, 'close': 1.0, 'high': 1.0, 'low': -4.0, 'vol': 13.0}], 'digits': 3, 'exemode': 1}}
2024-11-28 14:19:56,192 - jsonSocket - INFO - Sent: b'{"command": "getChartLastRequest", "arguments": {"info": {"period": 1, "start": 6238079769600, "symbol": "USDJPY"}}}'
2024-11-28 14:19:56,297 - jsonSocket - INFO - Received: {'status': True, 'returnData': {'rateInfos': [{'ctm': 1732799940000, 'ctmString': 'Nov 28, 2024, 2:19:00 PM', 'open': 151704.0, 'close': 19.0, 'high': 19.0, 'low': -4.0, 'vol': 48.0}], 'digits': 3, 'exemode': 1}}
2024-11-28 14:20:14,230 - jsonSocket - INFO - Sent: b'{"command": "getChartLastRequest", "arguments": {"info": {"period": 1, "start": 6238079834400, "symbol": "USDJPY"}}}'
2024-11-28 14:20:14,336 - jsonSocket - INFO - Received: {'status': True, 'returnData': {'rateInfos': [{'ctm': 1732800000000, 'ctmString': 'Nov 28, 2024, 2:20:00 PM', 'open': 151717.0, 'close': -3.0, 'high': 1.0, 'low': -3.0, 'vol': 41.0}], 'digits': 3, 'exemode': 1}}
2024-11-28 14:20:20,532 - jsonSocket - INFO - Sent: b'{"command": "getChartLastRequest", "arguments": {"info": {"period": 1, "start": 6238079856000, "symbol": "USDJPY"}}}'
2024-11-28 14:20:20,638 - jsonSocket - INFO - Received: {'status': True, 'returnData': {'rateInfos': [{'ctm': 1732800000000, 'ctmString': 'Nov 28, 2024, 2:20:00 PM', 'open': 151717.0, 'close': -12.0, 'high': 1.0, 'low': -12.0, 'vol': 94.0}], 'digits': 3, 'exemode': 1}}
2024-11-28 14:20:56,300 - jsonSocket - INFO - Sent: b'{"command": "getChartLastRequest", "arguments": {"info": {"period": 1, "start": 6238079985600, "symbol": "USDJPY"}}}'
2024-11-28 14:20:56,402 - jsonSocket - INFO - Received: {'status': True, 'returnData': {'rateInfos': [{'ctm': 1732800000000, 'ctmString': 'Nov 28, 2024, 2:20:00 PM', 'open': 151717.0, 'close': -13.0, 'high': 1.0, 'low': -13.0, 'vol': 94.0}], 'digits': 3, 'exemode': 1}}
2024-11-28 14:21:14,340 - jsonSocket - INFO - Sent: b'{"command": "getChartLastRequest", "arguments": {"info": {"period": 1, "start": 6238080050400, "symbol": "USDJPY"}}}'
2024-11-28 14:21:14,443 - jsonSocket - INFO - Received: {'status': True, 'returnData': {'rateInfos': [{'ctm': 1732800060000, 'ctmString': 'Nov 28, 2024, 2:21:00 PM', 'open': 151708.0, 'close': 6.0, 'high': 6.0, 'low': -1.0, 'vol': 3.0}], 'digits': 3, 'exemode': 1}}
2024-11-28 14:21:20,644 - jsonSocket - INFO - Sent: b'{"command": "getChartLastRequest", "arguments": {"info": {"period": 1, "start": 6238080072000, "symbol": "USDJPY"}}}'
2024-11-28 14:21:20,753 - jsonSocket - INFO - Received: {'status': True, 'returnData': {'rateInfos': [{'ctm': 1732800060000, 'ctmString': 'Nov 28, 2024, 2:21:00 PM', 'open': 151708.0, 'close': 6.0, 'high': 6.0, 'low': -1.0, 'vol': 3.0}], 'digits': 3, 'exemode': 1}}
2024-11-28 14:21:56,406 - jsonSocket - INFO - Sent: b'{"command": "getChartLastRequest", "arguments": {"info": {"period": 1, "start": 6238080201600, "symbol": "USDJPY"}}}'
2024-11-28 14:21:56,512 - jsonSocket - INFO - Received: {'status': True, 'returnData': {'rateInfos': [{'ctm': 1732800060000, 'ctmString': 'Nov 28, 2024, 2:21:00 PM', 'open': 151708.0, 'close': 6.0, 'high': 6.0, 'low': -1.0, 'vol': 3.0}], 'digits': 3, 'exemode': 1}}
2024-11-28 14:22:14,448 - jsonSocket - INFO - Sent: b'{"command": "getChartLastRequest", "arguments": {"info": {"period": 1, "start": 6238080266400, "symbol": "USDJPY"}}}'
2024-11-28 14:22:14,553 - jsonSocket - INFO - Received: {'status': True, 'returnData': {'rateInfos': [{'ctm': 1732800120000, 'ctmString': 'Nov 28, 2024, 2:22:00 PM', 'open': 151708.0, 'close': 7.0, 'high': 7.0, 'low': 0.0, 'vol': 0.0}], 'digits': 3, 'exemode': 1}}
2024-11-28 14:22:25,014 - jsonSocket - INFO - Sent: b'{"command": "getChartLastRequest", "arguments": {"info": {"period": 1, "start": 6238080306000, "symbol": "USDJPY"}}}'
2024-11-28 14:22:25,118 - jsonSocket - INFO - Received: {'status': True, 'returnData': {'rateInfos': [{'ctm': 1732800120000, 'ctmString': 'Nov 28, 2024, 2:22:00 PM', 'open': 151708.0, 'close': 7.0, 'high': 7.0, 'low': 0.0, 'vol': 0.0}], 'digits': 3, 'exemode': 1}}
2024-11-28 14:22:56,516 - jsonSocket - INFO - Sent: b'{"command": "getChartLastRequest", "arguments": {"info": {"period": 1, "start": 6238080417600, "symbol": "USDJPY"}}}'
2024-11-28 14:22:56,620 - jsonSocket - INFO - Received: {'status': True, 'returnData': {'rateInfos': [{'ctm': 1732800120000, 'ctmString': 'Nov 28, 2024, 2:22:00 PM', 'open': 151708.0, 'close': -17.0, 'high': 7.0, 'low': -17.0, 'vol': 119.0}], 'digits': 3, 'exemode': 1}}
2024-11-28 14:23:14,558 - jsonSocket - INFO - Sent: b'{"command": "getChartLastRequest", "arguments": {"info": {"period": 1, "start": 6238080482400, "symbol": "USDJPY"}}}'
2024-11-28 14:23:14,662 - jsonSocket - INFO - Received: {'status': True, 'returnData': {'rateInfos': [{'ctm': 1732800180000, 'ctmString': 'Nov 28, 2024, 2:23:00 PM', 'open': 151693.0, 'close': -1.0, 'high': 2.0, 'low': -1.0, 'vol': 0.0}], 'digits': 3, 'exemode': 1}}
2024-11-28 14:23:25,122 - jsonSocket - INFO - Sent: b'{"command": "getChartLastRequest", "arguments": {"info": {"period": 1, "start": 6238080522000, "symbol": "USDJPY"}}}'
2024-11-28 14:23:25,226 - jsonSocket - INFO - Received: {'status': True, 'returnData': {'rateInfos': [{'ctm': 1732800180000, 'ctmString': 'Nov 28, 2024, 2:23:00 PM', 'open': 151693.0, 'close': -1.0, 'high': 2.0, 'low': -1.0, 'vol': 0.0}], 'digits': 3, 'exemode': 1}}
2024-11-28 14:23:56,624 - jsonSocket - INFO - Sent: b'{"command": "getChartLastRequest", "arguments": {"info": {"period": 1, "start": 6238080633600, "symbol": "USDJPY"}}}'
2024-11-28 14:23:56,728 - jsonSocket - INFO - Received: {'status': True, 'returnData': {'rateInfos': [{'ctm': 1732800180000, 'ctmString': 'Nov 28, 2024, 2:23:00 PM', 'open': 151693.0, 'close': 21.0, 'high': 21.0, 'low': -1.0, 'vol': 74.0}], 'digits': 3, 'exemode': 1}}
2024-11-28 14:24:14,665 - jsonSocket - INFO - Sent: b'{"command": "getChartLastRequest", "arguments": {"info": {"period": 1, "start": 6238080698400, "symbol": "USDJPY"}}}'
2024-11-28 14:24:14,769 - jsonSocket - INFO - Received: {'status': True, 'returnData': {'rateInfos': [{'ctm': 1732800240000, 'ctmString': 'Nov 28, 2024, 2:24:00 PM', 'open': 151714.0, 'close': 15.0, 'high': 15.0, 'low': 0.0, 'vol': 36.0}], 'digits': 3, 'exemode': 1}}
2024-11-28 14:24:25,237 - jsonSocket - INFO - Sent: b'{"command": "getChartLastRequest", "arguments": {"info": {"period": 1, "start": 6238080738000, "symbol": "USDJPY"}}}'
2024-11-28 14:24:25,344 - jsonSocket - INFO - Received: {'status': True, 'returnData': {'rateInfos': [{'ctm': 1732800240000, 'ctmString': 'Nov 28, 2024, 2:24:00 PM', 'open': 151714.0, 'close': 21.0, 'high': 21.0, 'low': 0.0, 'vol': 36.0}], 'digits': 3, 'exemode': 1}}
2024-11-28 14:24:56,736 - jsonSocket - INFO - Sent: b'{"command": "getChartLastRequest", "arguments": {"info": {"period": 1, "start": 6238080849600, "symbol": "USDJPY"}}}'
2024-11-28 14:24:56,846 - jsonSocket - INFO - Received: {'status': True, 'returnData': {'rateInfos': [{'ctm': 1732800240000, 'ctmString': 'Nov 28, 2024, 2:24:00 PM', 'open': 151714.0, 'close': 22.0, 'high': 22.0, 'low': 0.0, 'vol': 479.0}], 'digits': 3, 'exemode': 1}}
2024-11-28 14:25:14,773 - jsonSocket - INFO - Sent: b'{"command": "getChartLastRequest", "arguments": {"info": {"period": 1, "start": 6238080914400, "symbol": "USDJPY"}}}'
2024-11-28 14:25:14,885 - jsonSocket - INFO - Received: {'status': True, 'returnData': {'rateInfos': [{'ctm': 1732800300000, 'ctmString': 'Nov 28, 2024, 2:25:00 PM', 'open': 151733.0, 'close': -2.0, 'high': 7.0, 'low': -2.0, 'vol': 338.0}], 'digits': 3, 'exemode': 1}}
2024-11-28 14:25:25,349 - jsonSocket - INFO - Sent: b'{"command": "getChartLastRequest", "arguments": {"info": {"period": 1, "start": 6238080954000, "symbol": "USDJPY"}}}'
2024-11-28 14:25:25,453 - jsonSocket - INFO - Received: {'status': True, 'returnData': {'rateInfos': [{'ctm': 1732800300000, 'ctmString': 'Nov 28, 2024, 2:25:00 PM', 'open': 151733.0, 'close': -3.0, 'high': 7.0, 'low': -3.0, 'vol': 338.0}], 'digits': 3, 'exemode': 1}}
2024-11-28 14:25:56,849 - jsonSocket - INFO - Sent: b'{"command": "getChartLastRequest", "arguments": {"info": {"period": 1, "start": 6238081065600, "symbol": "USDJPY"}}}'
2024-11-28 14:25:56,953 - jsonSocket - INFO - Received: {'status': True, 'returnData': {'rateInfos': [{'ctm': 1732800300000, 'ctmString': 'Nov 28, 2024, 2:25:00 PM', 'open': 151733.0, 'close': -3.0, 'high': 7.0, 'low': -3.0, 'vol': 338.0}], 'digits': 3, 'exemode': 1}}
2024-11-28 14:26:14,890 - jsonSocket - INFO - Sent: b'{"command": "getChartLastRequest", "arguments": {"info": {"period": 1, "start": 6238081130400, "symbol": "USDJPY"}}}'
2024-11-28 14:26:14,992 - jsonSocket - INFO - Received: {'status': True, 'returnData': {'rateInfos': [{'ctm': 1732800360000, 'ctmString': 'Nov 28, 2024, 2:26:00 PM', 'open': 151737.0, 'close': 3.0, 'high': 3.0, 'low': 0.0, 'vol': 16.0}], 'digits': 3, 'exemode': 1}}
2024-11-28 14:26:25,457 - jsonSocket - INFO - Sent: b'{"command": "getChartLastRequest", "arguments": {"info": {"period": 1, "start": 6238081170000, "symbol": "USDJPY"}}}'
2024-11-28 14:26:25,562 - jsonSocket - INFO - Received: {'status': True, 'returnData': {'rateInfos': [{'ctm': 1732800360000, 'ctmString': 'Nov 28, 2024, 2:26:00 PM', 'open': 151737.0, 'close': -4.0, 'high': 3.0, 'low': -4.0, 'vol': 186.0}], 'digits': 3, 'exemode': 1}}
2024-11-28 14:26:56,958 - jsonSocket - INFO - Sent: b'{"command": "getChartLastRequest", "arguments": {"info": {"period": 1, "start": 6238081281600, "symbol": "USDJPY"}}}'
2024-11-28 14:26:57,061 - jsonSocket - INFO - Received: {'status': True, 'returnData': {'rateInfos': [{'ctm': 1732800360000, 'ctmString': 'Nov 28, 2024, 2:26:00 PM', 'open': 151737.0, 'close': 6.0, 'high': 6.0, 'low': -4.0, 'vol': 227.0}], 'digits': 3, 'exemode': 1}}
2024-11-28 14:27:15,000 - jsonSocket - INFO - Sent: b'{"command": "getChartLastRequest", "arguments": {"info": {"period": 1, "start": 6238081346400, "symbol": "USDJPY"}}}'
2024-11-28 14:27:15,103 - jsonSocket - INFO - Received: {'status': True, 'returnData': {'rateInfos': [{'ctm': 1732800420000, 'ctmString': 'Nov 28, 2024, 2:27:00 PM', 'open': 151730.0, 'close': 1.0, 'high': 1.0, 'low': 0.0, 'vol': 0.0}], 'digits': 3, 'exemode': 1}}
2024-11-28 14:27:57,064 - jsonSocket - INFO - Sent: b'{"command": "getChartLastRequest", "arguments": {"info": {"period": 1, "start": 6238081501200, "symbol": "USDJPY"}}}'
2024-11-28 14:27:57,168 - jsonSocket - INFO - Received: {'status': True, 'returnData': {'rateInfos': [{'ctm': 1732800420000, 'ctmString': 'Nov 28, 2024, 2:27:00 PM', 'open': 151730.0, 'close': -37.0, 'high': 1.0, 'low': -37.0, 'vol': 164.0}], 'digits': 3, 'exemode': 1}}
2024-11-28 14:28:15,105 - jsonSocket - INFO - Sent: b'{"command": "getChartLastRequest", "arguments": {"info": {"period": 1, "start": 6238081566000, "symbol": "USDJPY"}}}'
2024-11-28 14:28:15,208 - jsonSocket - INFO - Received: {'status': True, 'returnData': {'rateInfos': [{'ctm': 1732800480000, 'ctmString': 'Nov 28, 2024, 2:28:00 PM', 'open': 151701.0, 'close': 5.0, 'high': 5.0, 'low': 0.0, 'vol': 12.0}], 'digits': 3, 'exemode': 1}}
2024-11-28 14:28:57,180 - jsonSocket - INFO - Sent: b'{"command": "getChartLastRequest", "arguments": {"info": {"period": 1, "start": 6238081717200, "symbol": "USDJPY"}}}'
2024-11-28 14:28:57,284 - jsonSocket - INFO - Received: {'status': True, 'returnData': {'rateInfos': [{'ctm': 1732800480000, 'ctmString': 'Nov 28, 2024, 2:28:00 PM', 'open': 151701.0, 'close': -3.0, 'high': 5.0, 'low': -3.0, 'vol': 19.0}], 'digits': 3, 'exemode': 1}}
2024-11-28 14:29:15,219 - jsonSocket - INFO - Sent: b'{"command": "getChartLastRequest", "arguments": {"info": {"period": 1, "start": 6238081782000, "symbol": "USDJPY"}}}'
2024-11-28 14:29:15,323 - jsonSocket - INFO - Received: {'status': True, 'returnData': {'rateInfos': [{'ctm': 1732800540000, 'ctmString': 'Nov 28, 2024, 2:29:00 PM', 'open': 151712.0, 'close': 6.0, 'high': 6.0, 'low': 0.0, 'vol': 74.0}], 'digits': 3, 'exemode': 1}}
2024-11-28 14:29:57,288 - jsonSocket - INFO - Sent: b'{"command": "getChartLastRequest", "arguments": {"info": {"period": 1, "start": 6238081933200, "symbol": "USDJPY"}}}'
2024-11-28 14:29:57,401 - jsonSocket - INFO - Received: {'status': True, 'returnData': {'rateInfos': [{'ctm': 1732800540000, 'ctmString': 'Nov 28, 2024, 2:29:00 PM', 'open': 151712.0, 'close': 16.0, 'high': 16.0, 'low': -1.0, 'vol': 167.0}], 'digits': 3, 'exemode': 1}}
2024-11-28 14:30:15,327 - jsonSocket - INFO - Sent: b'{"command": "getChartLastRequest", "arguments": {"info": {"period": 1, "start": 6238081998000, "symbol": "USDJPY"}}}'
2024-11-28 14:30:15,441 - jsonSocket - INFO - Received: {'status': True, 'returnData': {'rateInfos': [{'ctm': 1732800600000, 'ctmString': 'Nov 28, 2024, 2:30:00 PM', 'open': 151729.0, 'close': -7.0, 'high': 1.0, 'low': -7.0, 'vol': 11.0}], 'digits': 3, 'exemode': 1}}
2024-11-28 14:30:57,405 - jsonSocket - INFO - Sent: b'{"command": "getChartLastRequest", "arguments": {"info": {"period": 1, "start": 6238082149200, "symbol": "USDJPY"}}}'
2024-11-28 14:30:57,516 - jsonSocket - INFO - Received: {'status': True, 'returnData': {'rateInfos': [{'ctm': 1732800600000, 'ctmString': 'Nov 28, 2024, 2:30:00 PM', 'open': 151729.0, 'close': 2.0, 'high': 2.0, 'low': -13.0, 'vol': 28.0}], 'digits': 3, 'exemode': 1}}
2024-11-28 14:31:15,455 - jsonSocket - INFO - Sent: b'{"command": "getChartLastRequest", "arguments": {"info": {"period": 1, "start": 6238082214000, "symbol": "USDJPY"}}}'
2024-11-28 14:31:15,560 - jsonSocket - INFO - Received: {'status': True, 'returnData': {'rateInfos': [{'ctm': 1732800660000, 'ctmString': 'Nov 28, 2024, 2:31:00 PM', 'open': 151725.0, 'close': 1.0, 'high': 1.0, 'low': -1.0, 'vol': 0.0}], 'digits': 3, 'exemode': 1}}
2024-11-28 14:31:57,520 - jsonSocket - INFO - Sent: b'{"command": "getChartLastRequest", "arguments": {"info": {"period": 1, "start": 6238082365200, "symbol": "USDJPY"}}}'
2024-11-28 14:31:57,624 - jsonSocket - INFO - Received: {'status': True, 'returnData': {'rateInfos': [{'ctm': 1732800660000, 'ctmString': 'Nov 28, 2024, 2:31:00 PM', 'open': 151725.0, 'close': 14.0, 'high': 14.0, 'low': -1.0, 'vol': 53.0}], 'digits': 3, 'exemode': 1}}
2024-11-28 14:32:15,564 - jsonSocket - INFO - Sent: b'{"command": "getChartLastRequest", "arguments": {"info": {"period": 1, "start": 6238082430000, "symbol": "USDJPY"}}}'
2024-11-28 14:32:15,668 - jsonSocket - INFO - Received: {'status': True, 'returnData': {'rateInfos': [{'ctm': 1732800720000, 'ctmString': 'Nov 28, 2024, 2:32:00 PM', 'open': 151725.0, 'close': -12.0, 'high': 0.0, 'low': -12.0, 'vol': 23.0}], 'digits': 3, 'exemode': 1}}
2024-11-28 14:32:57,627 - jsonSocket - INFO - Sent: b'{"command": "getChartLastRequest", "arguments": {"info": {"period": 1, "start": 6238082581200, "symbol": "USDJPY"}}}'
2024-11-28 14:32:57,732 - jsonSocket - INFO - Received: {'status': True, 'returnData': {'rateInfos': [{'ctm': 1732800720000, 'ctmString': 'Nov 28, 2024, 2:32:00 PM', 'open': 151725.0, 'close': -31.0, 'high': 0.0, 'low': -31.0, 'vol': 57.0}], 'digits': 3, 'exemode': 1}}
2024-11-28 14:33:15,680 - jsonSocket - INFO - Sent: b'{"command": "getChartLastRequest", "arguments": {"info": {"period": 1, "start": 6238082646000, "symbol": "USDJPY"}}}'
2024-11-28 14:33:15,785 - jsonSocket - INFO - Received: {'status': True, 'returnData': {'rateInfos': [{'ctm': 1732800780000, 'ctmString': 'Nov 28, 2024, 2:33:00 PM', 'open': 151701.0, 'close': 3.0, 'high': 3.0, 'low': -1.0, 'vol': 0.0}], 'digits': 3, 'exemode': 1}}
2024-11-28 14:33:57,737 - jsonSocket - INFO - Sent: b'{"command": "getChartLastRequest", "arguments": {"info": {"period": 1, "start": 6238082797200, "symbol": "USDJPY"}}}'
2024-11-28 14:33:57,841 - jsonSocket - INFO - Received: {'status': True, 'returnData': {'rateInfos': [{'ctm': 1732800780000, 'ctmString': 'Nov 28, 2024, 2:33:00 PM', 'open': 151701.0, 'close': -8.0, 'high': 3.0, 'low': -8.0, 'vol': 19.0}], 'digits': 3, 'exemode': 1}}
